<?xml version="1.0" encoding="UTF-8"?>
<coverage generated="1709125031713" clover="3.2.0">
  <project timestamp="1709125031713" name="All files">
    <metrics statements="233" coveredstatements="187" conditionals="173" coveredconditionals="110" methods="46" coveredmethods="39" elements="452" coveredelements="336" complexity="0" loc="233" ncloc="233" packages="3" files="9" classes="9"/>
    <package name="doc">
      <metrics statements="83" coveredstatements="79" conditionals="70" coveredconditionals="60" methods="8" coveredmethods="8"/>
      <file name="doc.js" path="/Users/richard/Projects/seneca/doc/doc.js">
        <metrics statements="83" coveredstatements="79" conditionals="70" coveredconditionals="60" methods="8" coveredmethods="8"/>
        <line num="4" count="1" type="stmt"/>
        <line num="7" count="1" type="stmt"/>
        <line num="9" count="1" type="stmt"/>
        <line num="11" count="1" type="stmt"/>
        <line num="15" count="1" type="stmt"/>
        <line num="20" count="1" type="stmt"/>
        <line num="29" count="1" type="stmt"/>
        <line num="34" count="1" type="stmt"/>
        <line num="35" count="7" type="stmt"/>
        <line num="38" count="7" type="stmt"/>
        <line num="39" count="115" type="stmt"/>
        <line num="41" count="115" type="cond" truecount="2" falsecount="0"/>
        <line num="47" count="38" type="stmt"/>
        <line num="49" count="38" type="cond" truecount="1" falsecount="1"/>
        <line num="52" count="38" type="cond" truecount="4" falsecount="0"/>
        <line num="53" count="2" type="stmt"/>
        <line num="57" count="36" type="cond" truecount="4" falsecount="0"/>
        <line num="58" count="3" type="cond" truecount="1" falsecount="1"/>
        <line num="63" count="38" type="cond" truecount="4" falsecount="0"/>
        <line num="64" count="12" type="cond" truecount="1" falsecount="1"/>
        <line num="68" count="12" type="cond" truecount="1" falsecount="1"/>
        <line num="69" count="12" type="cond" truecount="1" falsecount="1"/>
        <line num="74" count="12" type="stmt"/>
        <line num="84" count="12" type="stmt"/>
        <line num="85" count="57" type="stmt"/>
        <line num="86" count="57" type="stmt"/>
        <line num="87" count="57" type="stmt"/>
        <line num="88" count="3" type="stmt"/>
        <line num="90" count="54" type="stmt"/>
        <line num="91" count="54" type="stmt"/>
        <line num="92" count="54" type="stmt"/>
        <line num="93" count="54" type="stmt"/>
        <line num="94" count="0" type="stmt"/>
        <line num="96" count="54" type="cond" truecount="1" falsecount="1"/>
        <line num="97" count="0" type="stmt"/>
        <line num="106" count="38" type="cond" truecount="2" falsecount="0"/>
        <line num="109" count="8" type="cond" truecount="2" falsecount="0"/>
        <line num="110" count="3" type="stmt"/>
        <line num="113" count="8" type="stmt"/>
        <line num="115" count="8" type="stmt"/>
        <line num="116" count="8" type="cond" truecount="2" falsecount="0"/>
        <line num="117" count="3" type="stmt"/>
        <line num="119" count="8" type="cond" truecount="2" falsecount="0"/>
        <line num="120" count="8" type="stmt"/>
        <line num="122" count="8" type="cond" truecount="2" falsecount="0"/>
        <line num="123" count="3" type="stmt"/>
        <line num="133" count="5" type="stmt"/>
        <line num="139" count="115" type="stmt"/>
        <line num="144" count="115" type="stmt"/>
        <line num="146" count="115" type="stmt"/>
        <line num="149" count="115" type="cond" truecount="2" falsecount="0"/>
        <line num="151" count="115" type="cond" truecount="2" falsecount="0"/>
        <line num="152" count="3" type="cond" truecount="1" falsecount="1"/>
        <line num="153" count="3" type="stmt"/>
        <line num="159" count="7" type="stmt"/>
        <line num="160" count="7" type="stmt"/>
        <line num="162" count="7" type="stmt"/>
        <line num="167" count="7" type="stmt"/>
        <line num="188" count="4" type="stmt"/>
        <line num="189" count="4" type="stmt"/>
        <line num="193" count="4" type="cond" truecount="1" falsecount="1"/>
        <line num="195" count="4" type="cond" truecount="1" falsecount="1"/>
        <line num="196" count="0" type="stmt"/>
        <line num="199" count="4" type="stmt"/>
        <line num="201" count="4" type="stmt"/>
        <line num="203" count="4" type="stmt"/>
        <line num="204" count="4" type="stmt"/>
        <line num="205" count="4" type="stmt"/>
        <line num="206" count="60" type="cond" truecount="2" falsecount="0"/>
        <line num="208" count="28" type="stmt"/>
        <line num="210" count="28" type="cond" truecount="4" falsecount="0"/>
        <line num="211" count="8" type="stmt"/>
        <line num="215" count="4" type="stmt"/>
        <line num="224" count="1" type="cond" truecount="1" falsecount="1"/>
        <line num="225" count="0" type="stmt"/>
        <line num="228" count="1" type="stmt"/>
        <line num="229" count="1" type="stmt"/>
        <line num="230" count="1" type="stmt"/>
        <line num="231" count="8" type="stmt"/>
        <line num="232" count="8" type="stmt"/>
        <line num="235" count="1" type="stmt"/>
        <line num="241" count="7" type="stmt"/>
        <line num="248" count="7" type="stmt"/>
      </file>
    </package>
    <package name="doc.lib">
      <metrics statements="125" coveredstatements="83" conditionals="103" coveredconditionals="50" methods="28" coveredmethods="21"/>
      <file name="inject.js" path="/Users/richard/Projects/seneca/doc/lib/inject.js">
        <metrics statements="11" coveredstatements="11" conditionals="0" coveredconditionals="0" methods="4" coveredmethods="4"/>
        <line num="4" count="1" type="stmt"/>
        <line num="6" count="1" type="stmt"/>
        <line num="8" count="1" type="stmt"/>
        <line num="9" count="1" type="stmt"/>
        <line num="10" count="1" type="stmt"/>
        <line num="13" count="2" type="stmt"/>
        <line num="14" count="4" type="stmt"/>
        <line num="15" count="4" type="stmt"/>
        <line num="21" count="4" type="stmt"/>
        <line num="29" count="4" type="stmt"/>
        <line num="32" count="2" type="stmt"/>
      </file>
      <file name="render.js" path="/Users/richard/Projects/seneca/doc/lib/render.js">
        <metrics statements="114" coveredstatements="72" conditionals="103" coveredconditionals="50" methods="24" coveredmethods="17"/>
        <line num="4" count="1" type="stmt"/>
        <line num="5" count="1" type="stmt"/>
        <line num="6" count="1" type="stmt"/>
        <line num="7" count="1" type="stmt"/>
        <line num="9" count="1" type="stmt"/>
        <line num="11" count="1" type="stmt"/>
        <line num="13" count="1" type="stmt"/>
        <line num="14" count="1" type="stmt"/>
        <line num="16" count="1" type="cond" truecount="1" falsecount="1"/>
        <line num="21" count="0" type="stmt"/>
        <line num="23" count="0" type="stmt"/>
        <line num="25" count="0" type="stmt"/>
        <line num="26" count="0" type="stmt"/>
        <line num="29" count="0" type="stmt"/>
        <line num="30" count="0" type="stmt"/>
        <line num="34" count="1" type="cond" truecount="1" falsecount="1"/>
        <line num="35" count="0" type="stmt"/>
        <line num="37" count="1" type="stmt"/>
        <line num="40" count="1" type="stmt"/>
        <line num="47" count="1" type="stmt"/>
        <line num="51" count="1" type="cond" truecount="2" falsecount="0"/>
        <line num="52" count="1" type="cond" truecount="1" falsecount="1"/>
        <line num="53" count="2" type="stmt"/>
        <line num="57" count="1" type="cond" truecount="1" falsecount="3"/>
        <line num="60" count="1" type="stmt"/>
        <line num="62" count="1" type="stmt"/>
        <line num="63" count="2" type="stmt"/>
        <line num="66" count="1" type="stmt"/>
        <line num="75" count="1" type="cond" truecount="2" falsecount="0"/>
        <line num="77" count="1" type="cond" truecount="1" falsecount="1"/>
        <line num="78" count="2" type="stmt"/>
        <line num="88" count="1" type="cond" truecount="1" falsecount="3"/>
        <line num="91" count="1" type="stmt"/>
        <line num="93" count="1" type="stmt"/>
        <line num="94" count="2" type="stmt"/>
        <line num="95" count="2" type="cond" truecount="1" falsecount="1"/>
        <line num="96" count="0" type="stmt"/>
        <line num="97" count="0" type="stmt"/>
        <line num="98" count="0" type="stmt"/>
        <line num="106" count="2" type="cond" truecount="1" falsecount="1"/>
        <line num="108" count="2" type="cond" truecount="1" falsecount="1"/>
        <line num="109" count="2" type="cond" truecount="2" falsecount="0"/>
        <line num="110" count="1" type="stmt"/>
        <line num="111" count="1" type="stmt"/>
        <line num="112" count="2" type="stmt"/>
        <line num="123" count="2" type="stmt"/>
        <line num="125" count="2" type="cond" truecount="2" falsecount="0"/>
        <line num="126" count="1" type="stmt"/>
        <line num="127" count="1" type="stmt"/>
        <line num="138" count="2" type="stmt"/>
        <line num="141" count="1" type="stmt"/>
        <line num="150" count="0" type="cond" truecount="0" falsecount="2"/>
        <line num="151" count="0" type="cond" truecount="0" falsecount="2"/>
        <line num="152" count="0" type="cond" truecount="0" falsecount="2"/>
        <line num="154" count="0" type="stmt"/>
        <line num="158" count="0" type="stmt"/>
        <line num="159" count="0" type="stmt"/>
        <line num="160" count="0" type="stmt"/>
        <line num="161" count="0" type="stmt"/>
        <line num="162" count="0" type="stmt"/>
        <line num="165" count="0" type="stmt"/>
        <line num="169" count="1" type="stmt"/>
        <line num="171" count="0" type="cond" truecount="0" falsecount="2"/>
        <line num="172" count="0" type="stmt"/>
        <line num="173" count="0" type="stmt"/>
        <line num="174" count="0" type="cond" truecount="0" falsecount="2"/>
        <line num="177" count="0" type="stmt"/>
        <line num="178" count="0" type="stmt"/>
        <line num="179" count="0" type="cond" truecount="0" falsecount="4"/>
        <line num="180" count="0" type="stmt"/>
        <line num="186" count="0" type="cond" truecount="0" falsecount="2"/>
        <line num="187" count="0" type="cond" truecount="0" falsecount="4"/>
        <line num="188" count="0" type="stmt"/>
        <line num="189" count="0" type="stmt"/>
        <line num="196" count="0" type="stmt"/>
        <line num="197" count="0" type="stmt"/>
        <line num="203" count="2" type="stmt"/>
        <line num="205" count="2" type="cond" truecount="1" falsecount="1"/>
        <line num="207" count="2" type="stmt"/>
        <line num="209" count="2" type="cond" truecount="1" falsecount="1"/>
        <line num="210" count="2" type="stmt"/>
        <line num="211" count="2" type="stmt"/>
        <line num="212" count="2" type="stmt"/>
        <line num="213" count="2" type="stmt"/>
        <line num="215" count="2" type="cond" truecount="3" falsecount="1"/>
        <line num="216" count="2" type="stmt"/>
        <line num="217" count="2" type="stmt"/>
        <line num="218" count="2" type="cond" truecount="3" falsecount="1"/>
        <line num="219" count="2" type="stmt"/>
        <line num="221" count="0" type="cond" truecount="0" falsecount="2"/>
        <line num="222" count="0" type="stmt"/>
        <line num="224" count="0" type="stmt"/>
        <line num="227" count="2" type="stmt"/>
        <line num="230" count="0" type="stmt"/>
        <line num="234" count="2" type="stmt"/>
        <line num="238" count="2" type="stmt"/>
        <line num="239" count="2" type="stmt"/>
        <line num="240" count="2" type="stmt"/>
        <line num="241" count="2" type="cond" truecount="1" falsecount="1"/>
        <line num="243" count="2" type="cond" truecount="1" falsecount="1"/>
        <line num="249" count="2" type="stmt"/>
        <line num="256" count="2" type="stmt"/>
        <line num="259" count="0" type="stmt"/>
        <line num="263" count="0" type="cond" truecount="0" falsecount="2"/>
        <line num="264" count="0" type="stmt"/>
        <line num="267" count="0" type="stmt"/>
        <line num="272" count="10" type="cond" truecount="2" falsecount="0"/>
        <line num="273" count="10" type="stmt"/>
        <line num="274" count="10" type="stmt"/>
        <line num="275" count="24" type="cond" truecount="4" falsecount="0"/>
        <line num="292" count="10" type="stmt"/>
        <line num="293" count="10" type="stmt"/>
        <line num="294" count="25" type="stmt"/>
        <line num="296" count="10" type="stmt"/>
      </file>
    </package>
    <package name="doc.test">
      <metrics statements="25" coveredstatements="25" conditionals="0" coveredconditionals="0" methods="10" coveredmethods="10"/>
      <file name="p0-doc.js" path="/Users/richard/Projects/seneca/doc/test/p0-doc.js">
        <metrics statements="2" coveredstatements="2" conditionals="0" coveredconditionals="0" methods="0" coveredmethods="0"/>
        <line num="1" count="1" type="stmt"/>
        <line num="3" count="1" type="stmt"/>
      </file>
      <file name="p0.js" path="/Users/richard/Projects/seneca/doc/test/p0.js">
        <metrics statements="5" coveredstatements="5" conditionals="0" coveredconditionals="0" methods="3" coveredmethods="3"/>
        <line num="1" count="1" type="stmt"/>
        <line num="2" count="1" type="stmt"/>
        <line num="3" count="1" type="stmt"/>
        <line num="5" count="1" type="stmt"/>
        <line num="6" count="2" type="stmt"/>
      </file>
      <file name="p1-doc-by-meta.js" path="/Users/richard/Projects/seneca/doc/test/p1-doc-by-meta.js">
        <metrics statements="2" coveredstatements="2" conditionals="0" coveredconditionals="0" methods="0" coveredmethods="0"/>
        <line num="1" count="1" type="stmt"/>
        <line num="3" count="1" type="stmt"/>
      </file>
      <file name="p1.js" path="/Users/richard/Projects/seneca/doc/test/p1.js">
        <metrics statements="7" coveredstatements="7" conditionals="0" coveredconditionals="0" methods="3" coveredmethods="3"/>
        <line num="1" count="1" type="stmt"/>
        <line num="3" count="1" type="stmt"/>
        <line num="4" count="1" type="stmt"/>
        <line num="5" count="1" type="stmt"/>
        <line num="7" count="1" type="stmt"/>
        <line num="8" count="2" type="stmt"/>
        <line num="11" count="1" type="stmt"/>
      </file>
      <file name="p2-doc-by-plugin.js" path="/Users/richard/Projects/seneca/doc/test/p2-doc-by-plugin.js">
        <metrics statements="3" coveredstatements="3" conditionals="0" coveredconditionals="0" methods="1" coveredmethods="1"/>
        <line num="1" count="1" type="stmt"/>
        <line num="2" count="3" type="stmt"/>
        <line num="4" count="3" type="stmt"/>
      </file>
      <file name="p2.js" path="/Users/richard/Projects/seneca/doc/test/p2.js">
        <metrics statements="6" coveredstatements="6" conditionals="0" coveredconditionals="0" methods="3" coveredmethods="3"/>
        <line num="1" count="1" type="stmt"/>
        <line num="3" count="1" type="stmt"/>
        <line num="6" count="1" type="stmt"/>
        <line num="7" count="1" type="stmt"/>
        <line num="9" count="1" type="stmt"/>
        <line num="10" count="2" type="stmt"/>
      </file>
    </package>
  </project>
</coverage>
