{"/Users/richard/Projects/seneca/doc/doc.js": {"path":"/Users/richard/Projects/seneca/doc/doc.js","statementMap":{"0":{"start":{"line":4,"column":13},"end":{"line":4,"column":28}},"1":{"start":{"line":7,"column":12},"end":{"line":7,"column":32}},"2":{"start":{"line":9,"column":0},"end":{"line":9,"column":20}},"3":{"start":{"line":11,"column":0},"end":{"line":13,"column":1}},"4":{"start":{"line":15,"column":0},"end":{"line":18,"column":1}},"5":{"start":{"line":20,"column":22},"end":{"line":26,"column":2}},"6":{"start":{"line":29,"column":22},"end":{"line":32,"column":2}},"7":{"start":{"line":34,"column":0},"end":{"line":142,"column":1}},"8":{"start":{"line":35,"column":17},"end":{"line":35,"column":21}},"9":{"start":{"line":38,"column":2},"end":{"line":141,"column":4}},"10":{"start":{"line":39,"column":17},"end":{"line":39,"column":19}},"11":{"start":{"line":41,"column":4},"end":{"line":123,"column":5}},"12":{"start":{"line":47,"column":19},"end":{"line":47,"column":61}},"13":{"start":{"line":49,"column":6},"end":{"line":122,"column":7}},"14":{"start":{"line":52,"column":8},"end":{"line":59,"column":9}},"15":{"start":{"line":53,"column":10},"end":{"line":53,"column":34}},"16":{"start":{"line":57,"column":13},"end":{"line":59,"column":9}},"17":{"start":{"line":58,"column":10},"end":{"line":58,"column":60}},"18":{"start":{"line":63,"column":8},"end":{"line":90,"column":9}},"19":{"start":{"line":64,"column":32},"end":{"line":66,"column":46}},"20":{"start":{"line":68,"column":10},"end":{"line":72,"column":11}},"21":{"start":{"line":69,"column":12},"end":{"line":71,"column":47}},"22":{"start":{"line":74,"column":30},"end":{"line":74,"column":60}},"23":{"start":{"line":76,"column":10},"end":{"line":89,"column":11}},"24":{"start":{"line":77,"column":12},"end":{"line":77,"column":67}},"25":{"start":{"line":78,"column":12},"end":{"line":78,"column":38}},"26":{"start":{"line":80,"column":12},"end":{"line":88,"column":13}},"27":{"start":{"line":81,"column":14},"end":{"line":81,"column":62}},"28":{"start":{"line":82,"column":14},"end":{"line":82,"column":69}},"29":{"start":{"line":83,"column":14},"end":{"line":83,"column":76}},"30":{"start":{"line":85,"column":14},"end":{"line":87,"column":15}},"31":{"start":{"line":86,"column":16},"end":{"line":86,"column":23}},"32":{"start":{"line":92,"column":8},"end":{"line":121,"column":9}},"33":{"start":{"line":95,"column":10},"end":{"line":97,"column":11}},"34":{"start":{"line":96,"column":12},"end":{"line":96,"column":44}},"35":{"start":{"line":99,"column":10},"end":{"line":99,"column":64}},"36":{"start":{"line":101,"column":10},"end":{"line":101,"column":32}},"37":{"start":{"line":102,"column":10},"end":{"line":104,"column":11}},"38":{"start":{"line":103,"column":12},"end":{"line":103,"column":37}},"39":{"start":{"line":105,"column":33},"end":{"line":105,"column":64}},"40":{"start":{"line":106,"column":10},"end":{"line":106,"column":52}},"41":{"start":{"line":108,"column":10},"end":{"line":120,"column":11}},"42":{"start":{"line":109,"column":12},"end":{"line":117,"column":13}},"43":{"start":{"line":119,"column":12},"end":{"line":119,"column":23}},"44":{"start":{"line":125,"column":4},"end":{"line":128,"column":32}},"45":{"start":{"line":130,"column":4},"end":{"line":131,"column":68}},"46":{"start":{"line":132,"column":4},"end":{"line":133,"column":74}},"47":{"start":{"line":135,"column":4},"end":{"line":135,"column":37}},"48":{"start":{"line":137,"column":4},"end":{"line":140,"column":5}},"49":{"start":{"line":138,"column":6},"end":{"line":138,"column":39}},"50":{"start":{"line":139,"column":6},"end":{"line":139,"column":50}},"51":{"start":{"line":145,"column":17},"end":{"line":145,"column":21}},"52":{"start":{"line":146,"column":14},"end":{"line":146,"column":29}},"53":{"start":{"line":148,"column":2},"end":{"line":150,"column":46}},"54":{"start":{"line":153,"column":2},"end":{"line":171,"column":4}},"55":{"start":{"line":174,"column":15},"end":{"line":174,"column":46}},"56":{"start":{"line":175,"column":4},"end":{"line":175,"column":15}},"57":{"start":{"line":179,"column":19},"end":{"line":179,"column":33}},"58":{"start":{"line":181,"column":4},"end":{"line":183,"column":5}},"59":{"start":{"line":182,"column":6},"end":{"line":182,"column":58}},"60":{"start":{"line":185,"column":14},"end":{"line":185,"column":46}},"61":{"start":{"line":187,"column":17},"end":{"line":187,"column":46}},"62":{"start":{"line":189,"column":18},"end":{"line":189,"column":20}},"63":{"start":{"line":190,"column":15},"end":{"line":190,"column":30}},"64":{"start":{"line":191,"column":4},"end":{"line":199,"column":6}},"65":{"start":{"line":192,"column":6},"end":{"line":192,"column":38}},"66":{"start":{"line":192,"column":32},"end":{"line":192,"column":38}},"67":{"start":{"line":194,"column":19},"end":{"line":194,"column":37}},"68":{"start":{"line":196,"column":6},"end":{"line":198,"column":7}},"69":{"start":{"line":197,"column":8},"end":{"line":197,"column":28}},"70":{"start":{"line":201,"column":4},"end":{"line":205,"column":5}},"71":{"start":{"line":210,"column":4},"end":{"line":212,"column":5}},"72":{"start":{"line":211,"column":6},"end":{"line":211,"column":50}},"73":{"start":{"line":214,"column":18},"end":{"line":214,"column":20}},"74":{"start":{"line":215,"column":15},"end":{"line":215,"column":35}},"75":{"start":{"line":216,"column":4},"end":{"line":219,"column":6}},"76":{"start":{"line":217,"column":19},"end":{"line":217,"column":35}},"77":{"start":{"line":218,"column":6},"end":{"line":218,"column":26}},"78":{"start":{"line":221,"column":4},"end":{"line":224,"column":6}},"79":{"start":{"line":227,"column":2},"end":{"line":232,"column":3}},"80":{"start":{"line":234,"column":2},"end":{"line":239,"column":3}}},"fnMap":{"0":{"name":"(anonymous_0)","decl":{"start":{"line":34,"column":25},"end":{"line":34,"column":26}},"loc":{"start":{"line":34,"column":36},"end":{"line":142,"column":1}},"line":34},"1":{"name":"(anonymous_1)","decl":{"start":{"line":38,"column":40},"end":{"line":38,"column":41}},"loc":{"start":{"line":38,"column":57},"end":{"line":141,"column":3}},"line":38},"2":{"name":"doc","decl":{"start":{"line":144,"column":9},"end":{"line":144,"column":12}},"loc":{"start":{"line":144,"column":22},"end":{"line":240,"column":1}},"line":144},"3":{"name":"describe_plugin_msg","decl":{"start":{"line":173,"column":11},"end":{"line":173,"column":30}},"loc":{"start":{"line":173,"column":43},"end":{"line":176,"column":3}},"line":173},"4":{"name":"describe_plugin","decl":{"start":{"line":178,"column":11},"end":{"line":178,"column":26}},"loc":{"start":{"line":178,"column":32},"end":{"line":206,"column":3}},"line":178},"5":{"name":"(anonymous_5)","decl":{"start":{"line":191,"column":17},"end":{"line":191,"column":18}},"loc":{"start":{"line":191,"column":31},"end":{"line":199,"column":5}},"line":191},"6":{"name":"describe_pin","decl":{"start":{"line":209,"column":11},"end":{"line":209,"column":23}},"loc":{"start":{"line":209,"column":36},"end":{"line":225,"column":3}},"line":209},"7":{"name":"(anonymous_7)","decl":{"start":{"line":216,"column":17},"end":{"line":216,"column":18}},"loc":{"start":{"line":216,"column":31},"end":{"line":219,"column":5}},"line":216}},"branchMap":{"0":{"loc":{"start":{"line":41,"column":4},"end":{"line":123,"column":5}},"type":"if","locations":[{"start":{"line":41,"column":4},"end":{"line":123,"column":5}},{"start":{},"end":{}}],"line":41},"1":{"loc":{"start":{"line":42,"column":6},"end":{"line":45,"column":41}},"type":"binary-expr","locations":[{"start":{"line":42,"column":6},"end":{"line":42,"column":36}},{"start":{"line":43,"column":6},"end":{"line":43,"column":39}},{"start":{"line":44,"column":6},"end":{"line":44,"column":38}},{"start":{"line":45,"column":6},"end":{"line":45,"column":41}}],"line":42},"2":{"loc":{"start":{"line":49,"column":6},"end":{"line":122,"column":7}},"type":"if","locations":[{"start":{"line":49,"column":6},"end":{"line":122,"column":7}},{"start":{},"end":{}}],"line":49},"3":{"loc":{"start":{"line":52,"column":8},"end":{"line":59,"column":9}},"type":"if","locations":[{"start":{"line":52,"column":8},"end":{"line":59,"column":9}},{"start":{"line":57,"column":13},"end":{"line":59,"column":9}}],"line":52},"4":{"loc":{"start":{"line":52,"column":12},"end":{"line":52,"column":42}},"type":"binary-expr","locations":[{"start":{"line":52,"column":12},"end":{"line":52,"column":23}},{"start":{"line":52,"column":27},"end":{"line":52,"column":42}}],"line":52},"5":{"loc":{"start":{"line":57,"column":13},"end":{"line":59,"column":9}},"type":"if","locations":[{"start":{"line":57,"column":13},"end":{"line":59,"column":9}},{"start":{},"end":{}}],"line":57},"6":{"loc":{"start":{"line":57,"column":17},"end":{"line":57,"column":58}},"type":"binary-expr","locations":[{"start":{"line":57,"column":17},"end":{"line":57,"column":34}},{"start":{"line":57,"column":38},"end":{"line":57,"column":58}}],"line":57},"7":{"loc":{"start":{"line":58,"column":19},"end":{"line":58,"column":60}},"type":"binary-expr","locations":[{"start":{"line":58,"column":19},"end":{"line":58,"column":36}},{"start":{"line":58,"column":40},"end":{"line":58,"column":60}}],"line":58},"8":{"loc":{"start":{"line":63,"column":8},"end":{"line":90,"column":9}},"type":"if","locations":[{"start":{"line":63,"column":8},"end":{"line":90,"column":9}},{"start":{},"end":{}}],"line":63},"9":{"loc":{"start":{"line":63,"column":12},"end":{"line":63,"column":56}},"type":"binary-expr","locations":[{"start":{"line":63,"column":12},"end":{"line":63,"column":26}},{"start":{"line":63,"column":30},"end":{"line":63,"column":56}}],"line":63},"10":{"loc":{"start":{"line":64,"column":32},"end":{"line":66,"column":46}},"type":"cond-expr","locations":[{"start":{"line":65,"column":14},"end":{"line":65,"column":32}},{"start":{"line":66,"column":14},"end":{"line":66,"column":46}}],"line":64},"11":{"loc":{"start":{"line":68,"column":10},"end":{"line":72,"column":11}},"type":"if","locations":[{"start":{"line":68,"column":10},"end":{"line":72,"column":11}},{"start":{},"end":{}}],"line":68},"12":{"loc":{"start":{"line":69,"column":30},"end":{"line":71,"column":47}},"type":"cond-expr","locations":[{"start":{"line":70,"column":16},"end":{"line":70,"column":78}},{"start":{"line":71,"column":16},"end":{"line":71,"column":47}}],"line":69},"13":{"loc":{"start":{"line":85,"column":14},"end":{"line":87,"column":15}},"type":"if","locations":[{"start":{"line":85,"column":14},"end":{"line":87,"column":15}},{"start":{},"end":{}}],"line":85},"14":{"loc":{"start":{"line":92,"column":8},"end":{"line":121,"column":9}},"type":"if","locations":[{"start":{"line":92,"column":8},"end":{"line":121,"column":9}},{"start":{},"end":{}}],"line":92},"15":{"loc":{"start":{"line":95,"column":10},"end":{"line":97,"column":11}},"type":"if","locations":[{"start":{"line":95,"column":10},"end":{"line":97,"column":11}},{"start":{},"end":{}}],"line":95},"16":{"loc":{"start":{"line":102,"column":10},"end":{"line":104,"column":11}},"type":"if","locations":[{"start":{"line":102,"column":10},"end":{"line":104,"column":11}},{"start":{},"end":{}}],"line":102},"17":{"loc":{"start":{"line":105,"column":33},"end":{"line":105,"column":64}},"type":"binary-expr","locations":[{"start":{"line":105,"column":33},"end":{"line":105,"column":44}},{"start":{"line":105,"column":48},"end":{"line":105,"column":64}}],"line":105},"18":{"loc":{"start":{"line":108,"column":10},"end":{"line":120,"column":11}},"type":"if","locations":[{"start":{"line":108,"column":10},"end":{"line":120,"column":11}},{"start":{"line":118,"column":17},"end":{"line":120,"column":11}}],"line":108},"19":{"loc":{"start":{"line":126,"column":6},"end":{"line":128,"column":32}},"type":"binary-expr","locations":[{"start":{"line":126,"column":7},"end":{"line":126,"column":18}},{"start":{"line":126,"column":22},"end":{"line":126,"column":38}},{"start":{"line":127,"column":6},"end":{"line":127,"column":17}},{"start":{"line":128,"column":6},"end":{"line":128,"column":32}}],"line":126},"20":{"loc":{"start":{"line":131,"column":6},"end":{"line":131,"column":68}},"type":"binary-expr","locations":[{"start":{"line":131,"column":7},"end":{"line":131,"column":18}},{"start":{"line":131,"column":22},"end":{"line":131,"column":42}},{"start":{"line":131,"column":47},"end":{"line":131,"column":62}},{"start":{"line":131,"column":66},"end":{"line":131,"column":68}}],"line":131},"21":{"loc":{"start":{"line":133,"column":6},"end":{"line":133,"column":74}},"type":"binary-expr","locations":[{"start":{"line":133,"column":7},"end":{"line":133,"column":18}},{"start":{"line":133,"column":22},"end":{"line":133,"column":44}},{"start":{"line":133,"column":49},"end":{"line":133,"column":66}},{"start":{"line":133,"column":70},"end":{"line":133,"column":74}}],"line":133},"22":{"loc":{"start":{"line":135,"column":18},"end":{"line":135,"column":37}},"type":"binary-expr","locations":[{"start":{"line":135,"column":18},"end":{"line":135,"column":29}},{"start":{"line":135,"column":33},"end":{"line":135,"column":37}}],"line":135},"23":{"loc":{"start":{"line":137,"column":4},"end":{"line":140,"column":5}},"type":"if","locations":[{"start":{"line":137,"column":4},"end":{"line":140,"column":5}},{"start":{},"end":{}}],"line":137},"24":{"loc":{"start":{"line":138,"column":21},"end":{"line":138,"column":39}},"type":"binary-expr","locations":[{"start":{"line":138,"column":21},"end":{"line":138,"column":33}},{"start":{"line":138,"column":37},"end":{"line":138,"column":39}}],"line":138},"25":{"loc":{"start":{"line":179,"column":19},"end":{"line":179,"column":33}},"type":"binary-expr","locations":[{"start":{"line":179,"column":19},"end":{"line":179,"column":23}},{"start":{"line":179,"column":27},"end":{"line":179,"column":33}}],"line":179},"26":{"loc":{"start":{"line":181,"column":4},"end":{"line":183,"column":5}},"type":"if","locations":[{"start":{"line":181,"column":4},"end":{"line":183,"column":5}},{"start":{},"end":{}}],"line":181},"27":{"loc":{"start":{"line":192,"column":6},"end":{"line":192,"column":38}},"type":"if","locations":[{"start":{"line":192,"column":6},"end":{"line":192,"column":38}},{"start":{},"end":{}}],"line":192},"28":{"loc":{"start":{"line":196,"column":6},"end":{"line":198,"column":7}},"type":"if","locations":[{"start":{"line":196,"column":6},"end":{"line":198,"column":7}},{"start":{},"end":{}}],"line":196},"29":{"loc":{"start":{"line":196,"column":10},"end":{"line":196,"column":74}},"type":"binary-expr","locations":[{"start":{"line":196,"column":10},"end":{"line":196,"column":38}},{"start":{"line":196,"column":42},"end":{"line":196,"column":74}}],"line":196},"30":{"loc":{"start":{"line":210,"column":4},"end":{"line":212,"column":5}},"type":"if","locations":[{"start":{"line":210,"column":4},"end":{"line":212,"column":5}},{"start":{},"end":{}}],"line":210}},"s":{"0":1,"1":1,"2":1,"3":1,"4":1,"5":1,"6":1,"7":1,"8":7,"9":7,"10":115,"11":115,"12":38,"13":38,"14":38,"15":2,"16":36,"17":3,"18":38,"19":12,"20":12,"21":12,"22":12,"23":12,"24":12,"25":12,"26":9,"27":9,"28":9,"29":9,"30":9,"31":0,"32":38,"33":8,"34":3,"35":8,"36":8,"37":8,"38":3,"39":8,"40":8,"41":8,"42":3,"43":5,"44":115,"45":115,"46":115,"47":115,"48":115,"49":3,"50":3,"51":7,"52":7,"53":7,"54":7,"55":4,"56":4,"57":4,"58":4,"59":0,"60":4,"61":4,"62":4,"63":4,"64":4,"65":60,"66":32,"67":28,"68":28,"69":8,"70":4,"71":1,"72":0,"73":1,"74":1,"75":1,"76":8,"77":8,"78":1,"79":7,"80":7},"f":{"0":7,"1":115,"2":7,"3":4,"4":4,"5":60,"6":1,"7":8},"b":{"0":[38,77],"1":[115,115,38,38],"2":[38,0],"3":[2,36],"4":[38,20],"5":[3,33],"6":[36,33],"7":[3,0],"8":[12,26],"9":[38,33],"10":[0,12],"11":[12,0],"12":[0,12],"13":[0,9],"14":[8,30],"15":[3,5],"16":[3,5],"17":[8,8],"18":[3,5],"19":[115,115,108,105],"20":[115,115,108,108],"21":[115,115,108,108],"22":[115,115],"23":[3,112],"24":[3,0],"25":[4,0],"26":[0,4],"27":[32,28],"28":[8,20],"29":[28,20],"30":[0,1]},"_coverageSchema":"1a1c01bbd47fc00a2c39e90264f33305004495a9","hash":"41f7d73f9492f3e9d288c79db8c44a50b4f1aa04"}
,"/Users/richard/Projects/seneca/doc/lib/inject.js": {"path":"/Users/richard/Projects/seneca/doc/lib/inject.js","statementMap":{"0":{"start":{"line":4,"column":9},"end":{"line":4,"column":22}},"1":{"start":{"line":6,"column":0},"end":{"line":34,"column":1}},"2":{"start":{"line":8,"column":17},"end":{"line":8,"column":49}},"3":{"start":{"line":9,"column":4},"end":{"line":9,"column":51}},"4":{"start":{"line":10,"column":4},"end":{"line":10,"column":34}},"5":{"start":{"line":13,"column":4},"end":{"line":31,"column":6}},"6":{"start":{"line":14,"column":6},"end":{"line":30,"column":8}},"7":{"start":{"line":15,"column":17},"end":{"line":18,"column":9}},"8":{"start":{"line":21,"column":10},"end":{"line":27,"column":15}},"9":{"start":{"line":29,"column":8},"end":{"line":29,"column":41}},"10":{"start":{"line":32,"column":4},"end":{"line":32,"column":17}}},"fnMap":{"0":{"name":"(anonymous_0)","decl":{"start":{"line":7,"column":15},"end":{"line":7,"column":16}},"loc":{"start":{"line":7,"column":42},"end":{"line":11,"column":3}},"line":7},"1":{"name":"(anonymous_1)","decl":{"start":{"line":12,"column":17},"end":{"line":12,"column":18}},"loc":{"start":{"line":12,"column":46},"end":{"line":33,"column":3}},"line":12},"2":{"name":"(anonymous_2)","decl":{"start":{"line":13,"column":38},"end":{"line":13,"column":39}},"loc":{"start":{"line":13,"column":45},"end":{"line":31,"column":5}},"line":13},"3":{"name":"(anonymous_3)","decl":{"start":{"line":14,"column":18},"end":{"line":14,"column":19}},"loc":{"start":{"line":14,"column":38},"end":{"line":30,"column":7}},"line":14}},"branchMap":{},"s":{"0":1,"1":1,"2":1,"3":1,"4":1,"5":2,"6":4,"7":4,"8":4,"9":4,"10":2},"f":{"0":1,"1":2,"2":4,"3":4},"b":{},"_coverageSchema":"1a1c01bbd47fc00a2c39e90264f33305004495a9","hash":"ee46495288536ec17db5a0e36172ccdcb662e75c"}
,"/Users/richard/Projects/seneca/doc/lib/render.js": {"path":"/Users/richard/Projects/seneca/doc/lib/render.js","statementMap":{"0":{"start":{"line":4,"column":11},"end":{"line":4,"column":24}},"1":{"start":{"line":5,"column":13},"end":{"line":5,"column":28}},"2":{"start":{"line":6,"column":15},"end":{"line":6,"column":44}},"3":{"start":{"line":7,"column":12},"end":{"line":7,"column":32}},"4":{"start":{"line":9,"column":0},"end":{"line":165,"column":1}},"5":{"start":{"line":11,"column":14},"end":{"line":11,"column":34}},"6":{"start":{"line":13,"column":23},"end":{"line":13,"column":48}},"7":{"start":{"line":14,"column":26},"end":{"line":14,"column":50}},"8":{"start":{"line":16,"column":4},"end":{"line":38,"column":5}},"9":{"start":{"line":21,"column":22},"end":{"line":21,"column":43}},"10":{"start":{"line":23,"column":6},"end":{"line":23,"column":45}},"11":{"start":{"line":25,"column":6},"end":{"line":25,"column":66}},"12":{"start":{"line":26,"column":6},"end":{"line":28,"column":2}},"13":{"start":{"line":29,"column":6},"end":{"line":29,"column":23}},"14":{"start":{"line":30,"column":6},"end":{"line":33,"column":2}},"15":{"start":{"line":34,"column":11},"end":{"line":38,"column":5}},"16":{"start":{"line":35,"column":6},"end":{"line":35,"column":52}},"17":{"start":{"line":37,"column":6},"end":{"line":37,"column":23}},"18":{"start":{"line":40,"column":14},"end":{"line":45,"column":5}},"19":{"start":{"line":47,"column":4},"end":{"line":47,"column":14}},"20":{"start":{"line":51,"column":4},"end":{"line":51,"column":27}},"21":{"start":{"line":52,"column":17},"end":{"line":58,"column":8}},"22":{"start":{"line":53,"column":17},"end":{"line":55,"column":7}},"23":{"start":{"line":57,"column":8},"end":{"line":57,"column":73}},"24":{"start":{"line":60,"column":14},"end":{"line":60,"column":42}},"25":{"start":{"line":62,"column":4},"end":{"line":64,"column":6}},"26":{"start":{"line":63,"column":6},"end":{"line":63,"column":73}},"27":{"start":{"line":66,"column":4},"end":{"line":71,"column":5}},"28":{"start":{"line":75,"column":4},"end":{"line":75,"column":27}},"29":{"start":{"line":76,"column":17},"end":{"line":87,"column":8}},"30":{"start":{"line":77,"column":17},"end":{"line":84,"column":7}},"31":{"start":{"line":86,"column":8},"end":{"line":86,"column":73}},"32":{"start":{"line":89,"column":14},"end":{"line":89,"column":46}},"33":{"start":{"line":91,"column":4},"end":{"line":137,"column":6}},"34":{"start":{"line":92,"column":6},"end":{"line":92,"column":57}},"35":{"start":{"line":93,"column":6},"end":{"line":102,"column":7}},"36":{"start":{"line":94,"column":23},"end":{"line":94,"column":64}},"37":{"start":{"line":95,"column":8},"end":{"line":95,"column":22}},"38":{"start":{"line":96,"column":8},"end":{"line":101,"column":9}},"39":{"start":{"line":104,"column":6},"end":{"line":104,"column":44}},"40":{"start":{"line":106,"column":27},"end":{"line":106,"column":56}},"41":{"start":{"line":107,"column":6},"end":{"line":119,"column":7}},"42":{"start":{"line":108,"column":8},"end":{"line":108,"column":39}},"43":{"start":{"line":109,"column":8},"end":{"line":118,"column":10}},"44":{"start":{"line":110,"column":10},"end":{"line":117,"column":11}},"45":{"start":{"line":121,"column":6},"end":{"line":121,"column":43}},"46":{"start":{"line":123,"column":6},"end":{"line":134,"column":7}},"47":{"start":{"line":124,"column":8},"end":{"line":124,"column":43}},"48":{"start":{"line":125,"column":8},"end":{"line":133,"column":9}},"49":{"start":{"line":136,"column":6},"end":{"line":136,"column":26}},"50":{"start":{"line":139,"column":4},"end":{"line":144,"column":5}},"51":{"start":{"line":148,"column":16},"end":{"line":148,"column":32}},"52":{"start":{"line":149,"column":19},"end":{"line":149,"column":35}},"53":{"start":{"line":150,"column":21},"end":{"line":150,"column":42}},"54":{"start":{"line":152,"column":27},"end":{"line":154,"column":6}},"55":{"start":{"line":156,"column":18},"end":{"line":161,"column":6}},"56":{"start":{"line":157,"column":22},"end":{"line":157,"column":36}},"57":{"start":{"line":158,"column":23},"end":{"line":158,"column":70}},"58":{"start":{"line":159,"column":21},"end":{"line":159,"column":53}},"59":{"start":{"line":160,"column":6},"end":{"line":160,"column":54}},"60":{"start":{"line":163,"column":4},"end":{"line":163,"column":16}},"61":{"start":{"line":167,"column":16},"end":{"line":291,"column":1}},"62":{"start":{"line":169,"column":4},"end":{"line":180,"column":5}},"63":{"start":{"line":170,"column":6},"end":{"line":173,"column":8}},"64":{"start":{"line":171,"column":23},"end":{"line":171,"column":44}},"65":{"start":{"line":172,"column":8},"end":{"line":172,"column":78}},"66":{"start":{"line":175,"column":21},"end":{"line":175,"column":44}},"67":{"start":{"line":176,"column":6},"end":{"line":176,"column":68}},"68":{"start":{"line":177,"column":6},"end":{"line":179,"column":7}},"69":{"start":{"line":178,"column":8},"end":{"line":178,"column":49}},"70":{"start":{"line":184,"column":15},"end":{"line":184,"column":48}},"71":{"start":{"line":185,"column":4},"end":{"line":197,"column":5}},"72":{"start":{"line":186,"column":6},"end":{"line":192,"column":8}},"73":{"start":{"line":187,"column":8},"end":{"line":191,"column":9}},"74":{"start":{"line":194,"column":21},"end":{"line":194,"column":44}},"75":{"start":{"line":195,"column":6},"end":{"line":195,"column":56}},"76":{"start":{"line":201,"column":17},"end":{"line":201,"column":21}},"77":{"start":{"line":202,"column":19},"end":{"line":202,"column":37}},"78":{"start":{"line":204,"column":4},"end":{"line":221,"column":5}},"79":{"start":{"line":205,"column":16},"end":{"line":205,"column":39}},"80":{"start":{"line":206,"column":6},"end":{"line":219,"column":8}},"81":{"start":{"line":207,"column":21},"end":{"line":207,"column":33}},"82":{"start":{"line":209,"column":25},"end":{"line":209,"column":47}},"83":{"start":{"line":210,"column":8},"end":{"line":218,"column":9}},"84":{"start":{"line":211,"column":26},"end":{"line":211,"column":41}},"85":{"start":{"line":212,"column":10},"end":{"line":212,"column":72}},"86":{"start":{"line":213,"column":10},"end":{"line":215,"column":11}},"87":{"start":{"line":214,"column":12},"end":{"line":214,"column":53}},"88":{"start":{"line":217,"column":10},"end":{"line":217,"column":47}},"89":{"start":{"line":220,"column":6},"end":{"line":220,"column":34}},"90":{"start":{"line":223,"column":4},"end":{"line":223,"column":13}},"91":{"start":{"line":227,"column":4},"end":{"line":227,"column":48}},"92":{"start":{"line":231,"column":18},"end":{"line":231,"column":46}},"93":{"start":{"line":232,"column":4},"end":{"line":232,"column":28}},"94":{"start":{"line":233,"column":18},"end":{"line":233,"column":36}},"95":{"start":{"line":234,"column":4},"end":{"line":250,"column":5}},"96":{"start":{"line":236,"column":8},"end":{"line":240,"column":25}},"97":{"start":{"line":242,"column":6},"end":{"line":247,"column":21}},"98":{"start":{"line":249,"column":6},"end":{"line":249,"column":50}},"99":{"start":{"line":252,"column":4},"end":{"line":252,"column":13}},"100":{"start":{"line":256,"column":4},"end":{"line":258,"column":5}},"101":{"start":{"line":257,"column":6},"end":{"line":257,"column":46}},"102":{"start":{"line":260,"column":4},"end":{"line":260,"column":13}},"103":{"start":{"line":265,"column":4},"end":{"line":265,"column":19}},"104":{"start":{"line":266,"column":16},"end":{"line":266,"column":28}},"105":{"start":{"line":267,"column":18},"end":{"line":283,"column":6}},"106":{"start":{"line":268,"column":6},"end":{"line":282,"column":11}},"107":{"start":{"line":285,"column":16},"end":{"line":285,"column":18}},"108":{"start":{"line":286,"column":4},"end":{"line":288,"column":6}},"109":{"start":{"line":287,"column":6},"end":{"line":287,"column":21}},"110":{"start":{"line":289,"column":4},"end":{"line":289,"column":51}}},"fnMap":{"0":{"name":"(anonymous_0)","decl":{"start":{"line":10,"column":11},"end":{"line":10,"column":12}},"loc":{"start":{"line":10,"column":28},"end":{"line":48,"column":3}},"line":10},"1":{"name":"(anonymous_1)","decl":{"start":{"line":50,"column":15},"end":{"line":50,"column":16}},"loc":{"start":{"line":50,"column":41},"end":{"line":72,"column":3}},"line":50},"2":{"name":"(anonymous_2)","decl":{"start":{"line":53,"column":11},"end":{"line":53,"column":12}},"loc":{"start":{"line":53,"column":17},"end":{"line":55,"column":7}},"line":53},"3":{"name":"(anonymous_3)","decl":{"start":{"line":56,"column":12},"end":{"line":56,"column":13}},"loc":{"start":{"line":56,"column":22},"end":{"line":58,"column":7}},"line":56},"4":{"name":"(anonymous_4)","decl":{"start":{"line":62,"column":17},"end":{"line":62,"column":18}},"loc":{"start":{"line":62,"column":22},"end":{"line":64,"column":5}},"line":62},"5":{"name":"(anonymous_5)","decl":{"start":{"line":74,"column":15},"end":{"line":74,"column":16}},"loc":{"start":{"line":74,"column":41},"end":{"line":145,"column":3}},"line":74},"6":{"name":"(anonymous_6)","decl":{"start":{"line":77,"column":11},"end":{"line":77,"column":12}},"loc":{"start":{"line":77,"column":17},"end":{"line":84,"column":7}},"line":77},"7":{"name":"(anonymous_7)","decl":{"start":{"line":85,"column":12},"end":{"line":85,"column":13}},"loc":{"start":{"line":85,"column":22},"end":{"line":87,"column":7}},"line":85},"8":{"name":"(anonymous_8)","decl":{"start":{"line":91,"column":17},"end":{"line":91,"column":18}},"loc":{"start":{"line":91,"column":22},"end":{"line":137,"column":5}},"line":91},"9":{"name":"(anonymous_9)","decl":{"start":{"line":109,"column":29},"end":{"line":109,"column":30}},"loc":{"start":{"line":109,"column":40},"end":{"line":118,"column":9}},"line":109},"10":{"name":"(anonymous_10)","decl":{"start":{"line":147,"column":12},"end":{"line":147,"column":13}},"loc":{"start":{"line":147,"column":29},"end":{"line":164,"column":3}},"line":147},"11":{"name":"(anonymous_11)","decl":{"start":{"line":156,"column":44},"end":{"line":156,"column":45}},"loc":{"start":{"line":156,"column":52},"end":{"line":161,"column":5}},"line":156},"12":{"name":"(anonymous_12)","decl":{"start":{"line":168,"column":20},"end":{"line":168,"column":21}},"loc":{"start":{"line":168,"column":49},"end":{"line":181,"column":3}},"line":168},"13":{"name":"(anonymous_13)","decl":{"start":{"line":170,"column":40},"end":{"line":170,"column":41}},"loc":{"start":{"line":170,"column":51},"end":{"line":173,"column":7}},"line":170},"14":{"name":"(anonymous_14)","decl":{"start":{"line":183,"column":21},"end":{"line":183,"column":22}},"loc":{"start":{"line":183,"column":48},"end":{"line":198,"column":3}},"line":183},"15":{"name":"(anonymous_15)","decl":{"start":{"line":186,"column":34},"end":{"line":186,"column":35}},"loc":{"start":{"line":186,"column":45},"end":{"line":192,"column":7}},"line":186},"16":{"name":"(anonymous_16)","decl":{"start":{"line":200,"column":17},"end":{"line":200,"column":18}},"loc":{"start":{"line":200,"column":33},"end":{"line":224,"column":3}},"line":200},"17":{"name":"(anonymous_17)","decl":{"start":{"line":206,"column":21},"end":{"line":206,"column":22}},"loc":{"start":{"line":206,"column":37},"end":{"line":219,"column":7}},"line":206},"18":{"name":"(anonymous_18)","decl":{"start":{"line":226,"column":11},"end":{"line":226,"column":12}},"loc":{"start":{"line":226,"column":25},"end":{"line":228,"column":3}},"line":226},"19":{"name":"(anonymous_19)","decl":{"start":{"line":230,"column":12},"end":{"line":230,"column":13}},"loc":{"start":{"line":230,"column":32},"end":{"line":253,"column":3}},"line":230},"20":{"name":"(anonymous_20)","decl":{"start":{"line":255,"column":13},"end":{"line":255,"column":14}},"loc":{"start":{"line":255,"column":29},"end":{"line":261,"column":3}},"line":255},"21":{"name":"(anonymous_21)","decl":{"start":{"line":264,"column":11},"end":{"line":264,"column":12}},"loc":{"start":{"line":264,"column":31},"end":{"line":290,"column":3}},"line":264},"22":{"name":"(anonymous_22)","decl":{"start":{"line":267,"column":40},"end":{"line":267,"column":41}},"loc":{"start":{"line":267,"column":50},"end":{"line":283,"column":5}},"line":267},"23":{"name":"(anonymous_23)","decl":{"start":{"line":286,"column":18},"end":{"line":286,"column":19}},"loc":{"start":{"line":286,"column":23},"end":{"line":288,"column":5}},"line":286}},"branchMap":{"0":{"loc":{"start":{"line":16,"column":4},"end":{"line":38,"column":5}},"type":"if","locations":[{"start":{"line":16,"column":4},"end":{"line":38,"column":5}},{"start":{"line":34,"column":11},"end":{"line":38,"column":5}}],"line":16},"1":{"loc":{"start":{"line":17,"column":6},"end":{"line":19,"column":32}},"type":"binary-expr","locations":[{"start":{"line":17,"column":6},"end":{"line":17,"column":48}},{"start":{"line":18,"column":6},"end":{"line":18,"column":21}},{"start":{"line":19,"column":6},"end":{"line":19,"column":32}}],"line":17},"2":{"loc":{"start":{"line":34,"column":11},"end":{"line":38,"column":5}},"type":"if","locations":[{"start":{"line":34,"column":11},"end":{"line":38,"column":5}},{"start":{"line":36,"column":11},"end":{"line":38,"column":5}}],"line":34},"3":{"loc":{"start":{"line":51,"column":14},"end":{"line":51,"column":27}},"type":"binary-expr","locations":[{"start":{"line":51,"column":14},"end":{"line":51,"column":21}},{"start":{"line":51,"column":25},"end":{"line":51,"column":27}}],"line":51},"4":{"loc":{"start":{"line":52,"column":18},"end":{"line":52,"column":38}},"type":"binary-expr","locations":[{"start":{"line":52,"column":18},"end":{"line":52,"column":32}},{"start":{"line":52,"column":36},"end":{"line":52,"column":38}}],"line":52},"5":{"loc":{"start":{"line":57,"column":15},"end":{"line":57,"column":73}},"type":"cond-expr","locations":[{"start":{"line":57,"column":39},"end":{"line":57,"column":41}},{"start":{"line":57,"column":44},"end":{"line":57,"column":73}}],"line":57},"6":{"loc":{"start":{"line":57,"column":44},"end":{"line":57,"column":73}},"type":"cond-expr","locations":[{"start":{"line":57,"column":68},"end":{"line":57,"column":69}},{"start":{"line":57,"column":72},"end":{"line":57,"column":73}}],"line":57},"7":{"loc":{"start":{"line":75,"column":14},"end":{"line":75,"column":27}},"type":"binary-expr","locations":[{"start":{"line":75,"column":14},"end":{"line":75,"column":21}},{"start":{"line":75,"column":25},"end":{"line":75,"column":27}}],"line":75},"8":{"loc":{"start":{"line":76,"column":18},"end":{"line":76,"column":38}},"type":"binary-expr","locations":[{"start":{"line":76,"column":18},"end":{"line":76,"column":32}},{"start":{"line":76,"column":36},"end":{"line":76,"column":38}}],"line":76},"9":{"loc":{"start":{"line":86,"column":15},"end":{"line":86,"column":73}},"type":"cond-expr","locations":[{"start":{"line":86,"column":39},"end":{"line":86,"column":41}},{"start":{"line":86,"column":44},"end":{"line":86,"column":73}}],"line":86},"10":{"loc":{"start":{"line":86,"column":44},"end":{"line":86,"column":73}},"type":"cond-expr","locations":[{"start":{"line":86,"column":68},"end":{"line":86,"column":69}},{"start":{"line":86,"column":72},"end":{"line":86,"column":73}}],"line":86},"11":{"loc":{"start":{"line":93,"column":6},"end":{"line":102,"column":7}},"type":"if","locations":[{"start":{"line":93,"column":6},"end":{"line":102,"column":7}},{"start":{},"end":{}}],"line":93},"12":{"loc":{"start":{"line":104,"column":14},"end":{"line":104,"column":33}},"type":"binary-expr","locations":[{"start":{"line":104,"column":14},"end":{"line":104,"column":20}},{"start":{"line":104,"column":24},"end":{"line":104,"column":33}}],"line":104},"13":{"loc":{"start":{"line":106,"column":39},"end":{"line":106,"column":55}},"type":"binary-expr","locations":[{"start":{"line":106,"column":39},"end":{"line":106,"column":49}},{"start":{"line":106,"column":53},"end":{"line":106,"column":55}}],"line":106},"14":{"loc":{"start":{"line":107,"column":6},"end":{"line":119,"column":7}},"type":"if","locations":[{"start":{"line":107,"column":6},"end":{"line":119,"column":7}},{"start":{},"end":{}}],"line":107},"15":{"loc":{"start":{"line":123,"column":6},"end":{"line":134,"column":7}},"type":"if","locations":[{"start":{"line":123,"column":6},"end":{"line":134,"column":7}},{"start":{},"end":{}}],"line":123},"16":{"loc":{"start":{"line":148,"column":16},"end":{"line":148,"column":32}},"type":"binary-expr","locations":[{"start":{"line":148,"column":16},"end":{"line":148,"column":26}},{"start":{"line":148,"column":30},"end":{"line":148,"column":32}}],"line":148},"17":{"loc":{"start":{"line":149,"column":19},"end":{"line":149,"column":35}},"type":"binary-expr","locations":[{"start":{"line":149,"column":19},"end":{"line":149,"column":29}},{"start":{"line":149,"column":33},"end":{"line":149,"column":35}}],"line":149},"18":{"loc":{"start":{"line":150,"column":21},"end":{"line":150,"column":42}},"type":"binary-expr","locations":[{"start":{"line":150,"column":21},"end":{"line":150,"column":36}},{"start":{"line":150,"column":40},"end":{"line":150,"column":42}}],"line":150},"19":{"loc":{"start":{"line":169,"column":4},"end":{"line":180,"column":5}},"type":"if","locations":[{"start":{"line":169,"column":4},"end":{"line":180,"column":5}},{"start":{"line":174,"column":11},"end":{"line":180,"column":5}}],"line":169},"20":{"loc":{"start":{"line":172,"column":29},"end":{"line":172,"column":55}},"type":"cond-expr","locations":[{"start":{"line":172,"column":38},"end":{"line":172,"column":50}},{"start":{"line":172,"column":53},"end":{"line":172,"column":55}}],"line":172},"21":{"loc":{"start":{"line":177,"column":6},"end":{"line":179,"column":7}},"type":"if","locations":[{"start":{"line":177,"column":6},"end":{"line":179,"column":7}},{"start":{},"end":{}}],"line":177},"22":{"loc":{"start":{"line":177,"column":10},"end":{"line":177,"column":60}},"type":"binary-expr","locations":[{"start":{"line":177,"column":10},"end":{"line":177,"column":23}},{"start":{"line":177,"column":27},"end":{"line":177,"column":60}}],"line":177},"23":{"loc":{"start":{"line":184,"column":15},"end":{"line":184,"column":48}},"type":"cond-expr","locations":[{"start":{"line":184,"column":29},"end":{"line":184,"column":41}},{"start":{"line":184,"column":44},"end":{"line":184,"column":48}}],"line":184},"24":{"loc":{"start":{"line":185,"column":4},"end":{"line":197,"column":5}},"type":"if","locations":[{"start":{"line":185,"column":4},"end":{"line":197,"column":5}},{"start":{"line":193,"column":11},"end":{"line":197,"column":5}}],"line":185},"25":{"loc":{"start":{"line":185,"column":8},"end":{"line":185,"column":35}},"type":"binary-expr","locations":[{"start":{"line":185,"column":8},"end":{"line":185,"column":12}},{"start":{"line":185,"column":16},"end":{"line":185,"column":35}}],"line":185},"26":{"loc":{"start":{"line":188,"column":11},"end":{"line":188,"column":37}},"type":"cond-expr","locations":[{"start":{"line":188,"column":20},"end":{"line":188,"column":32}},{"start":{"line":188,"column":35},"end":{"line":188,"column":37}}],"line":188},"27":{"loc":{"start":{"line":204,"column":4},"end":{"line":221,"column":5}},"type":"if","locations":[{"start":{"line":204,"column":4},"end":{"line":221,"column":5}},{"start":{},"end":{}}],"line":204},"28":{"loc":{"start":{"line":210,"column":8},"end":{"line":218,"column":9}},"type":"if","locations":[{"start":{"line":210,"column":8},"end":{"line":218,"column":9}},{"start":{"line":216,"column":15},"end":{"line":218,"column":9}}],"line":210},"29":{"loc":{"start":{"line":210,"column":12},"end":{"line":210,"column":44}},"type":"binary-expr","locations":[{"start":{"line":210,"column":12},"end":{"line":210,"column":22}},{"start":{"line":210,"column":26},"end":{"line":210,"column":44}}],"line":210},"30":{"loc":{"start":{"line":213,"column":10},"end":{"line":215,"column":11}},"type":"if","locations":[{"start":{"line":213,"column":10},"end":{"line":215,"column":11}},{"start":{},"end":{}}],"line":213},"31":{"loc":{"start":{"line":213,"column":14},"end":{"line":213,"column":64}},"type":"binary-expr","locations":[{"start":{"line":213,"column":14},"end":{"line":213,"column":27}},{"start":{"line":213,"column":31},"end":{"line":213,"column":64}}],"line":213},"32":{"loc":{"start":{"line":234,"column":4},"end":{"line":250,"column":5}},"type":"if","locations":[{"start":{"line":234,"column":4},"end":{"line":250,"column":5}},{"start":{},"end":{}}],"line":234},"33":{"loc":{"start":{"line":236,"column":8},"end":{"line":240,"column":25}},"type":"cond-expr","locations":[{"start":{"line":237,"column":12},"end":{"line":237,"column":20}},{"start":{"line":238,"column":12},"end":{"line":240,"column":25}}],"line":236},"34":{"loc":{"start":{"line":238,"column":12},"end":{"line":240,"column":25}},"type":"cond-expr","locations":[{"start":{"line":239,"column":12},"end":{"line":239,"column":27}},{"start":{"line":240,"column":12},"end":{"line":240,"column":25}}],"line":238},"35":{"loc":{"start":{"line":243,"column":8},"end":{"line":247,"column":21}},"type":"cond-expr","locations":[{"start":{"line":244,"column":12},"end":{"line":244,"column":21}},{"start":{"line":245,"column":12},"end":{"line":247,"column":21}}],"line":243},"36":{"loc":{"start":{"line":245,"column":12},"end":{"line":247,"column":21}},"type":"cond-expr","locations":[{"start":{"line":246,"column":12},"end":{"line":246,"column":28}},{"start":{"line":247,"column":12},"end":{"line":247,"column":21}}],"line":245},"37":{"loc":{"start":{"line":256,"column":4},"end":{"line":258,"column":5}},"type":"if","locations":[{"start":{"line":256,"column":4},"end":{"line":258,"column":5}},{"start":{},"end":{}}],"line":256},"38":{"loc":{"start":{"line":265,"column":10},"end":{"line":265,"column":19}},"type":"binary-expr","locations":[{"start":{"line":265,"column":10},"end":{"line":265,"column":13}},{"start":{"line":265,"column":17},"end":{"line":265,"column":19}}],"line":265},"39":{"loc":{"start":{"line":268,"column":13},"end":{"line":282,"column":11}},"type":"cond-expr","locations":[{"start":{"line":269,"column":10},"end":{"line":273,"column":13}},{"start":{"line":274,"column":10},"end":{"line":282,"column":11}}],"line":268},"40":{"loc":{"start":{"line":268,"column":13},"end":{"line":268,"column":47}},"type":"binary-expr","locations":[{"start":{"line":268,"column":13},"end":{"line":268,"column":28}},{"start":{"line":268,"column":32},"end":{"line":268,"column":47}}],"line":268},"41":{"loc":{"start":{"line":269,"column":10},"end":{"line":273,"column":13}},"type":"cond-expr","locations":[{"start":{"line":270,"column":12},"end":{"line":270,"column":14}},{"start":{"line":271,"column":12},"end":{"line":273,"column":13}}],"line":269},"42":{"loc":{"start":{"line":271,"column":12},"end":{"line":273,"column":13}},"type":"cond-expr","locations":[{"start":{"line":272,"column":12},"end":{"line":272,"column":13}},{"start":{"line":273,"column":12},"end":{"line":273,"column":13}}],"line":271},"43":{"loc":{"start":{"line":274,"column":10},"end":{"line":282,"column":11}},"type":"cond-expr","locations":[{"start":{"line":275,"column":10},"end":{"line":275,"column":12}},{"start":{"line":276,"column":10},"end":{"line":282,"column":11}}],"line":274},"44":{"loc":{"start":{"line":274,"column":10},"end":{"line":274,"column":45}},"type":"binary-expr","locations":[{"start":{"line":274,"column":10},"end":{"line":274,"column":25}},{"start":{"line":274,"column":29},"end":{"line":274,"column":45}}],"line":274},"45":{"loc":{"start":{"line":276,"column":10},"end":{"line":282,"column":11}},"type":"cond-expr","locations":[{"start":{"line":277,"column":10},"end":{"line":277,"column":11}},{"start":{"line":278,"column":10},"end":{"line":282,"column":11}}],"line":276},"46":{"loc":{"start":{"line":276,"column":10},"end":{"line":276,"column":45}},"type":"binary-expr","locations":[{"start":{"line":276,"column":10},"end":{"line":276,"column":26}},{"start":{"line":276,"column":30},"end":{"line":276,"column":45}}],"line":276},"47":{"loc":{"start":{"line":278,"column":10},"end":{"line":282,"column":11}},"type":"cond-expr","locations":[{"start":{"line":279,"column":10},"end":{"line":279,"column":12}},{"start":{"line":280,"column":10},"end":{"line":282,"column":11}}],"line":278},"48":{"loc":{"start":{"line":280,"column":10},"end":{"line":282,"column":11}},"type":"cond-expr","locations":[{"start":{"line":281,"column":10},"end":{"line":281,"column":11}},{"start":{"line":282,"column":10},"end":{"line":282,"column":11}}],"line":280}},"s":{"0":1,"1":1,"2":1,"3":1,"4":1,"5":1,"6":1,"7":1,"8":1,"9":0,"10":0,"11":0,"12":0,"13":0,"14":0,"15":1,"16":0,"17":1,"18":1,"19":1,"20":1,"21":1,"22":2,"23":1,"24":1,"25":1,"26":2,"27":1,"28":1,"29":1,"30":2,"31":1,"32":1,"33":1,"34":2,"35":2,"36":0,"37":0,"38":0,"39":2,"40":2,"41":2,"42":1,"43":1,"44":2,"45":2,"46":2,"47":1,"48":1,"49":2,"50":1,"51":0,"52":0,"53":0,"54":0,"55":0,"56":0,"57":0,"58":0,"59":0,"60":0,"61":1,"62":0,"63":0,"64":0,"65":0,"66":0,"67":0,"68":0,"69":0,"70":0,"71":0,"72":0,"73":0,"74":0,"75":0,"76":2,"77":2,"78":2,"79":2,"80":2,"81":2,"82":2,"83":2,"84":2,"85":2,"86":2,"87":2,"88":0,"89":2,"90":0,"91":2,"92":2,"93":2,"94":2,"95":2,"96":2,"97":2,"98":2,"99":0,"100":0,"101":0,"102":0,"103":10,"104":10,"105":10,"106":24,"107":10,"108":10,"109":25,"110":10},"f":{"0":1,"1":1,"2":2,"3":1,"4":2,"5":1,"6":2,"7":1,"8":2,"9":2,"10":0,"11":0,"12":0,"13":0,"14":0,"15":0,"16":2,"17":2,"18":2,"19":2,"20":0,"21":10,"22":24,"23":25},"b":{"0":[0,1],"1":[1,0,0],"2":[0,1],"3":[1,1],"4":[1,0],"5":[1,0],"6":[0,0],"7":[1,1],"8":[1,0],"9":[1,0],"10":[0,0],"11":[0,2],"12":[2,0],"13":[2,0],"14":[1,1],"15":[1,1],"16":[0,0],"17":[0,0],"18":[0,0],"19":[0,0],"20":[0,0],"21":[0,0],"22":[0,0],"23":[0,0],"24":[0,0],"25":[0,0],"26":[0,0],"27":[2,0],"28":[2,0],"29":[2,2],"30":[2,0],"31":[2,2],"32":[2,0],"33":[2,0],"34":[0,0],"35":[0,2],"36":[2,0],"37":[0,0],"38":[10,4],"39":[2,22],"40":[24,10],"41":[1,1],"42":[1,0],"43":[8,14],"44":[22,8],"45":[7,7],"46":[14,14],"47":[3,4],"48":[4,0]},"_coverageSchema":"1a1c01bbd47fc00a2c39e90264f33305004495a9","hash":"ef5e352a451e0005f8c5724bf87844d8e084a28f"}
,"/Users/richard/Projects/seneca/doc/test/p0-doc.js": {"path":"/Users/richard/Projects/seneca/doc/test/p0-doc.js","statementMap":{"0":{"start":{"line":1,"column":12},"end":{"line":1,"column":32}},"1":{"start":{"line":3,"column":0},"end":{"line":12,"column":1}}},"fnMap":{},"branchMap":{},"s":{"0":1,"1":1},"f":{},"b":{},"_coverageSchema":"1a1c01bbd47fc00a2c39e90264f33305004495a9","hash":"131ebf6ac10079b3077ea8e2daf643f0618fad28"}
,"/Users/richard/Projects/seneca/doc/test/p0.js": {"path":"/Users/richard/Projects/seneca/doc/test/p0.js","statementMap":{"0":{"start":{"line":1,"column":0},"end":{"line":8,"column":1}},"1":{"start":{"line":2,"column":2},"end":{"line":4,"column":4}},"2":{"start":{"line":3,"column":4},"end":{"line":3,"column":17}},"3":{"start":{"line":5,"column":2},"end":{"line":7,"column":4}},"4":{"start":{"line":6,"column":4},"end":{"line":6,"column":17}}},"fnMap":{"0":{"name":"p0","decl":{"start":{"line":1,"column":26},"end":{"line":1,"column":28}},"loc":{"start":{"line":1,"column":31},"end":{"line":8,"column":1}},"line":1},"1":{"name":"a1","decl":{"start":{"line":2,"column":32},"end":{"line":2,"column":34}},"loc":{"start":{"line":2,"column":41},"end":{"line":4,"column":3}},"line":2},"2":{"name":"a2","decl":{"start":{"line":5,"column":32},"end":{"line":5,"column":34}},"loc":{"start":{"line":5,"column":41},"end":{"line":7,"column":3}},"line":5}},"branchMap":{},"s":{"0":1,"1":1,"2":1,"3":1,"4":2},"f":{"0":1,"1":1,"2":2},"b":{},"_coverageSchema":"1a1c01bbd47fc00a2c39e90264f33305004495a9","hash":"a6ef85026bdcb50ee561dcd56858cff463946a70"}
,"/Users/richard/Projects/seneca/doc/test/p1-doc-by-meta.js": {"path":"/Users/richard/Projects/seneca/doc/test/p1-doc-by-meta.js","statementMap":{"0":{"start":{"line":1,"column":12},"end":{"line":1,"column":32}},"1":{"start":{"line":3,"column":0},"end":{"line":12,"column":1}}},"fnMap":{},"branchMap":{},"s":{"0":1,"1":1},"f":{},"b":{},"_coverageSchema":"1a1c01bbd47fc00a2c39e90264f33305004495a9","hash":"bb0a10192c806dc319c1331ae7a4797fe1ddea8f"}
,"/Users/richard/Projects/seneca/doc/test/p1.js": {"path":"/Users/richard/Projects/seneca/doc/test/p1.js","statementMap":{"0":{"start":{"line":1,"column":12},"end":{"line":1,"column":39}},"1":{"start":{"line":3,"column":0},"end":{"line":14,"column":1}},"2":{"start":{"line":4,"column":2},"end":{"line":6,"column":4}},"3":{"start":{"line":5,"column":4},"end":{"line":5,"column":17}},"4":{"start":{"line":7,"column":2},"end":{"line":9,"column":4}},"5":{"start":{"line":8,"column":4},"end":{"line":8,"column":17}},"6":{"start":{"line":11,"column":2},"end":{"line":13,"column":3}}},"fnMap":{"0":{"name":"p1","decl":{"start":{"line":3,"column":26},"end":{"line":3,"column":28}},"loc":{"start":{"line":3,"column":31},"end":{"line":14,"column":1}},"line":3},"1":{"name":"a1","decl":{"start":{"line":4,"column":32},"end":{"line":4,"column":34}},"loc":{"start":{"line":4,"column":41},"end":{"line":6,"column":3}},"line":4},"2":{"name":"a2","decl":{"start":{"line":7,"column":32},"end":{"line":7,"column":34}},"loc":{"start":{"line":7,"column":41},"end":{"line":9,"column":3}},"line":7}},"branchMap":{},"s":{"0":1,"1":1,"2":1,"3":1,"4":1,"5":2,"6":1},"f":{"0":1,"1":1,"2":2},"b":{},"_coverageSchema":"1a1c01bbd47fc00a2c39e90264f33305004495a9","hash":"4f450d63c0cd1f5afef325f37baab3e2f37405b7"}
,"/Users/richard/Projects/seneca/doc/test/p2-doc-by-plugin.js": {"path":"/Users/richard/Projects/seneca/doc/test/p2-doc-by-plugin.js","statementMap":{"0":{"start":{"line":1,"column":0},"end":{"line":14,"column":1}},"1":{"start":{"line":2,"column":12},"end":{"line":2,"column":23}},"2":{"start":{"line":4,"column":2},"end":{"line":13,"column":3}}},"fnMap":{"0":{"name":"(anonymous_0)","decl":{"start":{"line":1,"column":17},"end":{"line":1,"column":18}},"loc":{"start":{"line":1,"column":43},"end":{"line":14,"column":1}},"line":1}},"branchMap":{},"s":{"0":1,"1":3,"2":3},"f":{"0":3},"b":{},"_coverageSchema":"1a1c01bbd47fc00a2c39e90264f33305004495a9","hash":"69ec9467f4ea6838663e96eabef808d00eb2c970"}
,"/Users/richard/Projects/seneca/doc/test/p2.js": {"path":"/Users/richard/Projects/seneca/doc/test/p2.js","statementMap":{"0":{"start":{"line":1,"column":0},"end":{"line":1,"column":19}},"1":{"start":{"line":3,"column":0},"end":{"line":3,"column":50}},"2":{"start":{"line":6,"column":2},"end":{"line":8,"column":4}},"3":{"start":{"line":7,"column":4},"end":{"line":7,"column":17}},"4":{"start":{"line":9,"column":2},"end":{"line":11,"column":4}},"5":{"start":{"line":10,"column":4},"end":{"line":10,"column":17}}},"fnMap":{"0":{"name":"p2","decl":{"start":{"line":5,"column":9},"end":{"line":5,"column":11}},"loc":{"start":{"line":5,"column":14},"end":{"line":12,"column":1}},"line":5},"1":{"name":"a1","decl":{"start":{"line":6,"column":32},"end":{"line":6,"column":34}},"loc":{"start":{"line":6,"column":41},"end":{"line":8,"column":3}},"line":6},"2":{"name":"a2","decl":{"start":{"line":9,"column":32},"end":{"line":9,"column":34}},"loc":{"start":{"line":9,"column":41},"end":{"line":11,"column":3}},"line":9}},"branchMap":{},"s":{"0":1,"1":1,"2":1,"3":1,"4":1,"5":2},"f":{"0":1,"1":1,"2":2},"b":{},"_coverageSchema":"1a1c01bbd47fc00a2c39e90264f33305004495a9","hash":"2bf06a33f766b593c8bd7137e83686bd777aa787"}
}
