{"/Users/richard/Projects/seneca/doc/doc.js": {"path":"/Users/richard/Projects/seneca/doc/doc.js","statementMap":{"0":{"start":{"line":4,"column":13},"end":{"line":4,"column":28}},"1":{"start":{"line":7,"column":12},"end":{"line":7,"column":32}},"2":{"start":{"line":9,"column":0},"end":{"line":9,"column":20}},"3":{"start":{"line":11,"column":0},"end":{"line":13,"column":1}},"4":{"start":{"line":15,"column":0},"end":{"line":18,"column":1}},"5":{"start":{"line":20,"column":22},"end":{"line":26,"column":2}},"6":{"start":{"line":29,"column":22},"end":{"line":32,"column":2}},"7":{"start":{"line":34,"column":0},"end":{"line":142,"column":1}},"8":{"start":{"line":35,"column":17},"end":{"line":35,"column":21}},"9":{"start":{"line":38,"column":2},"end":{"line":141,"column":4}},"10":{"start":{"line":39,"column":17},"end":{"line":39,"column":19}},"11":{"start":{"line":41,"column":4},"end":{"line":123,"column":5}},"12":{"start":{"line":47,"column":19},"end":{"line":47,"column":61}},"13":{"start":{"line":49,"column":6},"end":{"line":122,"column":7}},"14":{"start":{"line":52,"column":8},"end":{"line":59,"column":9}},"15":{"start":{"line":53,"column":10},"end":{"line":53,"column":34}},"16":{"start":{"line":57,"column":13},"end":{"line":59,"column":9}},"17":{"start":{"line":58,"column":10},"end":{"line":58,"column":60}},"18":{"start":{"line":63,"column":8},"end":{"line":90,"column":9}},"19":{"start":{"line":64,"column":32},"end":{"line":66,"column":46}},"20":{"start":{"line":68,"column":10},"end":{"line":72,"column":11}},"21":{"start":{"line":69,"column":12},"end":{"line":71,"column":47}},"22":{"start":{"line":74,"column":30},"end":{"line":74,"column":60}},"23":{"start":{"line":76,"column":10},"end":{"line":89,"column":11}},"24":{"start":{"line":77,"column":12},"end":{"line":77,"column":67}},"25":{"start":{"line":78,"column":12},"end":{"line":78,"column":38}},"26":{"start":{"line":80,"column":12},"end":{"line":88,"column":13}},"27":{"start":{"line":81,"column":14},"end":{"line":81,"column":62}},"28":{"start":{"line":82,"column":14},"end":{"line":82,"column":69}},"29":{"start":{"line":83,"column":14},"end":{"line":83,"column":76}},"30":{"start":{"line":85,"column":14},"end":{"line":87,"column":15}},"31":{"start":{"line":86,"column":16},"end":{"line":86,"column":23}},"32":{"start":{"line":92,"column":8},"end":{"line":121,"column":9}},"33":{"start":{"line":95,"column":10},"end":{"line":97,"column":11}},"34":{"start":{"line":96,"column":12},"end":{"line":96,"column":44}},"35":{"start":{"line":99,"column":10},"end":{"line":99,"column":64}},"36":{"start":{"line":101,"column":10},"end":{"line":101,"column":32}},"37":{"start":{"line":102,"column":10},"end":{"line":104,"column":11}},"38":{"start":{"line":103,"column":12},"end":{"line":103,"column":37}},"39":{"start":{"line":105,"column":33},"end":{"line":105,"column":64}},"40":{"start":{"line":106,"column":10},"end":{"line":106,"column":52}},"41":{"start":{"line":108,"column":10},"end":{"line":120,"column":11}},"42":{"start":{"line":109,"column":12},"end":{"line":117,"column":13}},"43":{"start":{"line":119,"column":12},"end":{"line":119,"column":23}},"44":{"start":{"line":125,"column":4},"end":{"line":128,"column":32}},"45":{"start":{"line":130,"column":4},"end":{"line":131,"column":68}},"46":{"start":{"line":132,"column":4},"end":{"line":133,"column":74}},"47":{"start":{"line":135,"column":4},"end":{"line":135,"column":37}},"48":{"start":{"line":137,"column":4},"end":{"line":140,"column":5}},"49":{"start":{"line":138,"column":6},"end":{"line":138,"column":39}},"50":{"start":{"line":139,"column":6},"end":{"line":139,"column":50}},"51":{"start":{"line":145,"column":17},"end":{"line":145,"column":21}},"52":{"start":{"line":146,"column":14},"end":{"line":146,"column":29}},"53":{"start":{"line":148,"column":2},"end":{"line":150,"column":46}},"54":{"start":{"line":153,"column":2},"end":{"line":171,"column":4}},"55":{"start":{"line":174,"column":15},"end":{"line":174,"column":46}},"56":{"start":{"line":175,"column":4},"end":{"line":175,"column":15}},"57":{"start":{"line":179,"column":19},"end":{"line":179,"column":33}},"58":{"start":{"line":181,"column":4},"end":{"line":183,"column":5}},"59":{"start":{"line":182,"column":6},"end":{"line":182,"column":58}},"60":{"start":{"line":185,"column":14},"end":{"line":185,"column":46}},"61":{"start":{"line":187,"column":17},"end":{"line":187,"column":46}},"62":{"start":{"line":189,"column":18},"end":{"line":189,"column":20}},"63":{"start":{"line":190,"column":15},"end":{"line":190,"column":30}},"64":{"start":{"line":191,"column":4},"end":{"line":199,"column":6}},"65":{"start":{"line":192,"column":6},"end":{"line":192,"column":38}},"66":{"start":{"line":192,"column":32},"end":{"line":192,"column":38}},"67":{"start":{"line":194,"column":19},"end":{"line":194,"column":37}},"68":{"start":{"line":196,"column":6},"end":{"line":198,"column":7}},"69":{"start":{"line":197,"column":8},"end":{"line":197,"column":28}},"70":{"start":{"line":201,"column":4},"end":{"line":205,"column":5}},"71":{"start":{"line":210,"column":4},"end":{"line":212,"column":5}},"72":{"start":{"line":211,"column":6},"end":{"line":211,"column":50}},"73":{"start":{"line":214,"column":18},"end":{"line":214,"column":20}},"74":{"start":{"line":215,"column":15},"end":{"line":215,"column":35}},"75":{"start":{"line":216,"column":4},"end":{"line":219,"column":6}},"76":{"start":{"line":217,"column":19},"end":{"line":217,"column":35}},"77":{"start":{"line":218,"column":6},"end":{"line":218,"column":26}},"78":{"start":{"line":221,"column":4},"end":{"line":224,"column":6}},"79":{"start":{"line":227,"column":2},"end":{"line":232,"column":3}},"80":{"start":{"line":234,"column":2},"end":{"line":239,"column":3}}},"fnMap":{"0":{"name":"(anonymous_0)","decl":{"start":{"line":34,"column":25},"end":{"line":34,"column":26}},"loc":{"start":{"line":34,"column":36},"end":{"line":142,"column":1}},"line":34},"1":{"name":"(anonymous_1)","decl":{"start":{"line":38,"column":40},"end":{"line":38,"column":41}},"loc":{"start":{"line":38,"column":57},"end":{"line":141,"column":3}},"line":38},"2":{"name":"doc","decl":{"start":{"line":144,"column":9},"end":{"line":144,"column":12}},"loc":{"start":{"line":144,"column":22},"end":{"line":240,"column":1}},"line":144},"3":{"name":"describe_plugin_msg","decl":{"start":{"line":173,"column":11},"end":{"line":173,"column":30}},"loc":{"start":{"line":173,"column":43},"end":{"line":176,"column":3}},"line":173},"4":{"name":"describe_plugin","decl":{"start":{"line":178,"column":11},"end":{"line":178,"column":26}},"loc":{"start":{"line":178,"column":32},"end":{"line":206,"column":3}},"line":178},"5":{"name":"(anonymous_5)","decl":{"start":{"line":191,"column":17},"end":{"line":191,"column":18}},"loc":{"start":{"line":191,"column":31},"end":{"line":199,"column":5}},"line":191},"6":{"name":"describe_pin","decl":{"start":{"line":209,"column":11},"end":{"line":209,"column":23}},"loc":{"start":{"line":209,"column":36},"end":{"line":225,"column":3}},"line":209},"7":{"name":"(anonymous_7)","decl":{"start":{"line":216,"column":17},"end":{"line":216,"column":18}},"loc":{"start":{"line":216,"column":31},"end":{"line":219,"column":5}},"line":216}},"branchMap":{"0":{"loc":{"start":{"line":41,"column":4},"end":{"line":123,"column":5}},"type":"if","locations":[{"start":{"line":41,"column":4},"end":{"line":123,"column":5}},{"start":{},"end":{}}],"line":41},"1":{"loc":{"start":{"line":42,"column":6},"end":{"line":45,"column":41}},"type":"binary-expr","locations":[{"start":{"line":42,"column":6},"end":{"line":42,"column":36}},{"start":{"line":43,"column":6},"end":{"line":43,"column":39}},{"start":{"line":44,"column":6},"end":{"line":44,"column":38}},{"start":{"line":45,"column":6},"end":{"line":45,"column":41}}],"line":42},"2":{"loc":{"start":{"line":49,"column":6},"end":{"line":122,"column":7}},"type":"if","locations":[{"start":{"line":49,"column":6},"end":{"line":122,"column":7}},{"start":{},"end":{}}],"line":49},"3":{"loc":{"start":{"line":52,"column":8},"end":{"line":59,"column":9}},"type":"if","locations":[{"start":{"line":52,"column":8},"end":{"line":59,"column":9}},{"start":{"line":57,"column":13},"end":{"line":59,"column":9}}],"line":52},"4":{"loc":{"start":{"line":52,"column":12},"end":{"line":52,"column":42}},"type":"binary-expr","locations":[{"start":{"line":52,"column":12},"end":{"line":52,"column":23}},{"start":{"line":52,"column":27},"end":{"line":52,"column":42}}],"line":52},"5":{"loc":{"start":{"line":57,"column":13},"end":{"line":59,"column":9}},"type":"if","locations":[{"start":{"line":57,"column":13},"end":{"line":59,"column":9}},{"start":{},"end":{}}],"line":57},"6":{"loc":{"start":{"line":57,"column":17},"end":{"line":57,"column":58}},"type":"binary-expr","locations":[{"start":{"line":57,"column":17},"end":{"line":57,"column":34}},{"start":{"line":57,"column":38},"end":{"line":57,"column":58}}],"line":57},"7":{"loc":{"start":{"line":58,"column":19},"end":{"line":58,"column":60}},"type":"binary-expr","locations":[{"start":{"line":58,"column":19},"end":{"line":58,"column":36}},{"start":{"line":58,"column":40},"end":{"line":58,"column":60}}],"line":58},"8":{"loc":{"start":{"line":63,"column":8},"end":{"line":90,"column":9}},"type":"if","locations":[{"start":{"line":63,"column":8},"end":{"line":90,"column":9}},{"start":{},"end":{}}],"line":63},"9":{"loc":{"start":{"line":63,"column":12},"end":{"line":63,"column":56}},"type":"binary-expr","locations":[{"start":{"line":63,"column":12},"end":{"line":63,"column":26}},{"start":{"line":63,"column":30},"end":{"line":63,"column":56}}],"line":63},"10":{"loc":{"start":{"line":64,"column":32},"end":{"line":66,"column":46}},"type":"cond-expr","locations":[{"start":{"line":65,"column":14},"end":{"line":65,"column":32}},{"start":{"line":66,"column":14},"end":{"line":66,"column":46}}],"line":64},"11":{"loc":{"start":{"line":68,"column":10},"end":{"line":72,"column":11}},"type":"if","locations":[{"start":{"line":68,"column":10},"end":{"line":72,"column":11}},{"start":{},"end":{}}],"line":68},"12":{"loc":{"start":{"line":69,"column":30},"end":{"line":71,"column":47}},"type":"cond-expr","locations":[{"start":{"line":70,"column":16},"end":{"line":70,"column":78}},{"start":{"line":71,"column":16},"end":{"line":71,"column":47}}],"line":69},"13":{"loc":{"start":{"line":85,"column":14},"end":{"line":87,"column":15}},"type":"if","locations":[{"start":{"line":85,"column":14},"end":{"line":87,"column":15}},{"start":{},"end":{}}],"line":85},"14":{"loc":{"start":{"line":92,"column":8},"end":{"line":121,"column":9}},"type":"if","locations":[{"start":{"line":92,"column":8},"end":{"line":121,"column":9}},{"start":{},"end":{}}],"line":92},"15":{"loc":{"start":{"line":95,"column":10},"end":{"line":97,"column":11}},"type":"if","locations":[{"start":{"line":95,"column":10},"end":{"line":97,"column":11}},{"start":{},"end":{}}],"line":95},"16":{"loc":{"start":{"line":102,"column":10},"end":{"line":104,"column":11}},"type":"if","locations":[{"start":{"line":102,"column":10},"end":{"line":104,"column":11}},{"start":{},"end":{}}],"line":102},"17":{"loc":{"start":{"line":105,"column":33},"end":{"line":105,"column":64}},"type":"binary-expr","locations":[{"start":{"line":105,"column":33},"end":{"line":105,"column":44}},{"start":{"line":105,"column":48},"end":{"line":105,"column":64}}],"line":105},"18":{"loc":{"start":{"line":108,"column":10},"end":{"line":120,"column":11}},"type":"if","locations":[{"start":{"line":108,"column":10},"end":{"line":120,"column":11}},{"start":{"line":118,"column":17},"end":{"line":120,"column":11}}],"line":108},"19":{"loc":{"start":{"line":126,"column":6},"end":{"line":128,"column":32}},"type":"binary-expr","locations":[{"start":{"line":126,"column":7},"end":{"line":126,"column":18}},{"start":{"line":126,"column":22},"end":{"line":126,"column":38}},{"start":{"line":127,"column":6},"end":{"line":127,"column":17}},{"start":{"line":128,"column":6},"end":{"line":128,"column":32}}],"line":126},"20":{"loc":{"start":{"line":131,"column":6},"end":{"line":131,"column":68}},"type":"binary-expr","locations":[{"start":{"line":131,"column":7},"end":{"line":131,"column":18}},{"start":{"line":131,"column":22},"end":{"line":131,"column":42}},{"start":{"line":131,"column":47},"end":{"line":131,"column":62}},{"start":{"line":131,"column":66},"end":{"line":131,"column":68}}],"line":131},"21":{"loc":{"start":{"line":133,"column":6},"end":{"line":133,"column":74}},"type":"binary-expr","locations":[{"start":{"line":133,"column":7},"end":{"line":133,"column":18}},{"start":{"line":133,"column":22},"end":{"line":133,"column":44}},{"start":{"line":133,"column":49},"end":{"line":133,"column":66}},{"start":{"line":133,"column":70},"end":{"line":133,"column":74}}],"line":133},"22":{"loc":{"start":{"line":135,"column":18},"end":{"line":135,"column":37}},"type":"binary-expr","locations":[{"start":{"line":135,"column":18},"end":{"line":135,"column":29}},{"start":{"line":135,"column":33},"end":{"line":135,"column":37}}],"line":135},"23":{"loc":{"start":{"line":137,"column":4},"end":{"line":140,"column":5}},"type":"if","locations":[{"start":{"line":137,"column":4},"end":{"line":140,"column":5}},{"start":{},"end":{}}],"line":137},"24":{"loc":{"start":{"line":138,"column":21},"end":{"line":138,"column":39}},"type":"binary-expr","locations":[{"start":{"line":138,"column":21},"end":{"line":138,"column":33}},{"start":{"line":138,"column":37},"end":{"line":138,"column":39}}],"line":138},"25":{"loc":{"start":{"line":179,"column":19},"end":{"line":179,"column":33}},"type":"binary-expr","locations":[{"start":{"line":179,"column":19},"end":{"line":179,"column":23}},{"start":{"line":179,"column":27},"end":{"line":179,"column":33}}],"line":179},"26":{"loc":{"start":{"line":181,"column":4},"end":{"line":183,"column":5}},"type":"if","locations":[{"start":{"line":181,"column":4},"end":{"line":183,"column":5}},{"start":{},"end":{}}],"line":181},"27":{"loc":{"start":{"line":192,"column":6},"end":{"line":192,"column":38}},"type":"if","locations":[{"start":{"line":192,"column":6},"end":{"line":192,"column":38}},{"start":{},"end":{}}],"line":192},"28":{"loc":{"start":{"line":196,"column":6},"end":{"line":198,"column":7}},"type":"if","locations":[{"start":{"line":196,"column":6},"end":{"line":198,"column":7}},{"start":{},"end":{}}],"line":196},"29":{"loc":{"start":{"line":196,"column":10},"end":{"line":196,"column":74}},"type":"binary-expr","locations":[{"start":{"line":196,"column":10},"end":{"line":196,"column":38}},{"start":{"line":196,"column":42},"end":{"line":196,"column":74}}],"line":196},"30":{"loc":{"start":{"line":210,"column":4},"end":{"line":212,"column":5}},"type":"if","locations":[{"start":{"line":210,"column":4},"end":{"line":212,"column":5}},{"start":{},"end":{}}],"line":210}},"s":{"0":1,"1":1,"2":1,"3":1,"4":1,"5":1,"6":1,"7":1,"8":7,"9":7,"10":115,"11":115,"12":38,"13":38,"14":38,"15":2,"16":36,"17":3,"18":38,"19":12,"20":12,"21":12,"22":12,"23":12,"24":12,"25":12,"26":9,"27":9,"28":9,"29":9,"30":9,"31":0,"32":38,"33":8,"34":3,"35":8,"36":8,"37":8,"38":3,"39":8,"40":8,"41":8,"42":3,"43":5,"44":115,"45":115,"46":115,"47":115,"48":115,"49":3,"50":3,"51":7,"52":7,"53":7,"54":7,"55":4,"56":4,"57":4,"58":4,"59":0,"60":4,"61":4,"62":4,"63":4,"64":4,"65":60,"66":32,"67":28,"68":28,"69":8,"70":4,"71":1,"72":0,"73":1,"74":1,"75":1,"76":8,"77":8,"78":1,"79":7,"80":7},"f":{"0":7,"1":115,"2":7,"3":4,"4":4,"5":60,"6":1,"7":8},"b":{"0":[38,77],"1":[115,115,38,38],"2":[38,0],"3":[2,36],"4":[38,20],"5":[3,33],"6":[36,33],"7":[3,0],"8":[12,26],"9":[38,33],"10":[0,12],"11":[12,0],"12":[0,12],"13":[0,9],"14":[8,30],"15":[3,5],"16":[3,5],"17":[8,8],"18":[3,5],"19":[115,115,108,105],"20":[115,115,108,108],"21":[115,115,108,108],"22":[115,115],"23":[3,112],"24":[3,0],"25":[4,0],"26":[0,4],"27":[32,28],"28":[8,20],"29":[28,20],"30":[0,1]},"_coverageSchema":"1a1c01bbd47fc00a2c39e90264f33305004495a9","hash":"41f7d73f9492f3e9d288c79db8c44a50b4f1aa04"}
,"/Users/richard/Projects/seneca/doc/lib/inject.js": {"path":"/Users/richard/Projects/seneca/doc/lib/inject.js","statementMap":{"0":{"start":{"line":4,"column":9},"end":{"line":4,"column":22}},"1":{"start":{"line":6,"column":0},"end":{"line":28,"column":1}},"2":{"start":{"line":8,"column":17},"end":{"line":8,"column":49}},"3":{"start":{"line":9,"column":4},"end":{"line":9,"column":51}},"4":{"start":{"line":10,"column":4},"end":{"line":10,"column":34}},"5":{"start":{"line":14,"column":4},"end":{"line":25,"column":6}},"6":{"start":{"line":15,"column":6},"end":{"line":24,"column":8}},"7":{"start":{"line":16,"column":17},"end":{"line":19,"column":9}},"8":{"start":{"line":20,"column":8},"end":{"line":23,"column":9}},"9":{"start":{"line":26,"column":4},"end":{"line":26,"column":17}}},"fnMap":{"0":{"name":"(anonymous_0)","decl":{"start":{"line":7,"column":15},"end":{"line":7,"column":16}},"loc":{"start":{"line":7,"column":42},"end":{"line":11,"column":3}},"line":7},"1":{"name":"(anonymous_1)","decl":{"start":{"line":12,"column":17},"end":{"line":12,"column":18}},"loc":{"start":{"line":12,"column":46},"end":{"line":27,"column":3}},"line":12},"2":{"name":"(anonymous_2)","decl":{"start":{"line":14,"column":38},"end":{"line":14,"column":39}},"loc":{"start":{"line":14,"column":45},"end":{"line":25,"column":5}},"line":14},"3":{"name":"(anonymous_3)","decl":{"start":{"line":15,"column":18},"end":{"line":15,"column":19}},"loc":{"start":{"line":15,"column":38},"end":{"line":24,"column":7}},"line":15}},"branchMap":{},"s":{"0":1,"1":1,"2":1,"3":1,"4":1,"5":2,"6":4,"7":4,"8":4,"9":2},"f":{"0":1,"1":2,"2":4,"3":4},"b":{},"_coverageSchema":"1a1c01bbd47fc00a2c39e90264f33305004495a9","hash":"cbbc27de271c136186b050b547ef347eb1a8f1f6"}
,"/Users/richard/Projects/seneca/doc/lib/render.js": {"path":"/Users/richard/Projects/seneca/doc/lib/render.js","statementMap":{"0":{"start":{"line":4,"column":11},"end":{"line":4,"column":24}},"1":{"start":{"line":5,"column":13},"end":{"line":5,"column":28}},"2":{"start":{"line":6,"column":15},"end":{"line":6,"column":44}},"3":{"start":{"line":7,"column":12},"end":{"line":7,"column":32}},"4":{"start":{"line":9,"column":0},"end":{"line":160,"column":1}},"5":{"start":{"line":11,"column":14},"end":{"line":11,"column":34}},"6":{"start":{"line":13,"column":23},"end":{"line":13,"column":48}},"7":{"start":{"line":15,"column":4},"end":{"line":35,"column":5}},"8":{"start":{"line":20,"column":22},"end":{"line":20,"column":43}},"9":{"start":{"line":22,"column":6},"end":{"line":22,"column":41}},"10":{"start":{"line":24,"column":6},"end":{"line":24,"column":66}},"11":{"start":{"line":25,"column":6},"end":{"line":27,"column":2}},"12":{"start":{"line":28,"column":6},"end":{"line":28,"column":23}},"13":{"start":{"line":29,"column":6},"end":{"line":32,"column":2}},"14":{"start":{"line":34,"column":6},"end":{"line":34,"column":23}},"15":{"start":{"line":37,"column":4},"end":{"line":42,"column":5}},"16":{"start":{"line":46,"column":4},"end":{"line":46,"column":27}},"17":{"start":{"line":47,"column":17},"end":{"line":53,"column":8}},"18":{"start":{"line":48,"column":17},"end":{"line":50,"column":7}},"19":{"start":{"line":52,"column":8},"end":{"line":52,"column":73}},"20":{"start":{"line":55,"column":14},"end":{"line":55,"column":42}},"21":{"start":{"line":57,"column":4},"end":{"line":59,"column":6}},"22":{"start":{"line":58,"column":6},"end":{"line":58,"column":73}},"23":{"start":{"line":61,"column":4},"end":{"line":66,"column":5}},"24":{"start":{"line":70,"column":4},"end":{"line":70,"column":27}},"25":{"start":{"line":71,"column":17},"end":{"line":82,"column":8}},"26":{"start":{"line":72,"column":17},"end":{"line":79,"column":7}},"27":{"start":{"line":81,"column":8},"end":{"line":81,"column":73}},"28":{"start":{"line":84,"column":14},"end":{"line":84,"column":46}},"29":{"start":{"line":86,"column":4},"end":{"line":132,"column":6}},"30":{"start":{"line":87,"column":6},"end":{"line":87,"column":57}},"31":{"start":{"line":88,"column":6},"end":{"line":97,"column":7}},"32":{"start":{"line":89,"column":23},"end":{"line":89,"column":64}},"33":{"start":{"line":90,"column":8},"end":{"line":90,"column":22}},"34":{"start":{"line":91,"column":8},"end":{"line":96,"column":9}},"35":{"start":{"line":99,"column":6},"end":{"line":99,"column":44}},"36":{"start":{"line":101,"column":27},"end":{"line":101,"column":56}},"37":{"start":{"line":102,"column":6},"end":{"line":114,"column":7}},"38":{"start":{"line":103,"column":8},"end":{"line":103,"column":39}},"39":{"start":{"line":104,"column":8},"end":{"line":113,"column":10}},"40":{"start":{"line":105,"column":10},"end":{"line":112,"column":11}},"41":{"start":{"line":116,"column":6},"end":{"line":116,"column":43}},"42":{"start":{"line":118,"column":6},"end":{"line":129,"column":7}},"43":{"start":{"line":119,"column":8},"end":{"line":119,"column":43}},"44":{"start":{"line":120,"column":8},"end":{"line":128,"column":9}},"45":{"start":{"line":131,"column":6},"end":{"line":131,"column":26}},"46":{"start":{"line":134,"column":4},"end":{"line":139,"column":5}},"47":{"start":{"line":143,"column":16},"end":{"line":143,"column":32}},"48":{"start":{"line":144,"column":19},"end":{"line":144,"column":35}},"49":{"start":{"line":145,"column":21},"end":{"line":145,"column":42}},"50":{"start":{"line":147,"column":27},"end":{"line":149,"column":6}},"51":{"start":{"line":151,"column":18},"end":{"line":156,"column":6}},"52":{"start":{"line":152,"column":22},"end":{"line":152,"column":36}},"53":{"start":{"line":153,"column":23},"end":{"line":153,"column":70}},"54":{"start":{"line":154,"column":21},"end":{"line":154,"column":53}},"55":{"start":{"line":155,"column":6},"end":{"line":155,"column":54}},"56":{"start":{"line":158,"column":4},"end":{"line":158,"column":16}},"57":{"start":{"line":162,"column":16},"end":{"line":261,"column":1}},"58":{"start":{"line":164,"column":4},"end":{"line":175,"column":5}},"59":{"start":{"line":165,"column":6},"end":{"line":168,"column":8}},"60":{"start":{"line":166,"column":23},"end":{"line":166,"column":44}},"61":{"start":{"line":167,"column":8},"end":{"line":167,"column":78}},"62":{"start":{"line":170,"column":21},"end":{"line":170,"column":44}},"63":{"start":{"line":171,"column":6},"end":{"line":171,"column":68}},"64":{"start":{"line":172,"column":6},"end":{"line":174,"column":7}},"65":{"start":{"line":173,"column":8},"end":{"line":173,"column":49}},"66":{"start":{"line":179,"column":17},"end":{"line":179,"column":21}},"67":{"start":{"line":180,"column":19},"end":{"line":180,"column":37}},"68":{"start":{"line":182,"column":4},"end":{"line":199,"column":5}},"69":{"start":{"line":183,"column":16},"end":{"line":183,"column":39}},"70":{"start":{"line":184,"column":6},"end":{"line":197,"column":8}},"71":{"start":{"line":185,"column":21},"end":{"line":185,"column":33}},"72":{"start":{"line":187,"column":25},"end":{"line":187,"column":47}},"73":{"start":{"line":188,"column":8},"end":{"line":196,"column":9}},"74":{"start":{"line":189,"column":26},"end":{"line":189,"column":41}},"75":{"start":{"line":190,"column":10},"end":{"line":190,"column":72}},"76":{"start":{"line":191,"column":10},"end":{"line":193,"column":11}},"77":{"start":{"line":192,"column":12},"end":{"line":192,"column":53}},"78":{"start":{"line":195,"column":10},"end":{"line":195,"column":47}},"79":{"start":{"line":198,"column":6},"end":{"line":198,"column":34}},"80":{"start":{"line":201,"column":4},"end":{"line":201,"column":13}},"81":{"start":{"line":205,"column":4},"end":{"line":205,"column":48}},"82":{"start":{"line":209,"column":18},"end":{"line":209,"column":46}},"83":{"start":{"line":210,"column":4},"end":{"line":210,"column":28}},"84":{"start":{"line":211,"column":18},"end":{"line":211,"column":36}},"85":{"start":{"line":212,"column":4},"end":{"line":228,"column":5}},"86":{"start":{"line":214,"column":8},"end":{"line":218,"column":25}},"87":{"start":{"line":220,"column":6},"end":{"line":225,"column":21}},"88":{"start":{"line":227,"column":6},"end":{"line":227,"column":50}},"89":{"start":{"line":230,"column":4},"end":{"line":230,"column":13}},"90":{"start":{"line":235,"column":4},"end":{"line":235,"column":19}},"91":{"start":{"line":236,"column":16},"end":{"line":236,"column":28}},"92":{"start":{"line":237,"column":18},"end":{"line":253,"column":6}},"93":{"start":{"line":238,"column":6},"end":{"line":252,"column":11}},"94":{"start":{"line":255,"column":16},"end":{"line":255,"column":18}},"95":{"start":{"line":256,"column":4},"end":{"line":258,"column":6}},"96":{"start":{"line":257,"column":6},"end":{"line":257,"column":21}},"97":{"start":{"line":259,"column":4},"end":{"line":259,"column":51}}},"fnMap":{"0":{"name":"(anonymous_0)","decl":{"start":{"line":10,"column":11},"end":{"line":10,"column":12}},"loc":{"start":{"line":10,"column":28},"end":{"line":43,"column":3}},"line":10},"1":{"name":"(anonymous_1)","decl":{"start":{"line":45,"column":15},"end":{"line":45,"column":16}},"loc":{"start":{"line":45,"column":41},"end":{"line":67,"column":3}},"line":45},"2":{"name":"(anonymous_2)","decl":{"start":{"line":48,"column":11},"end":{"line":48,"column":12}},"loc":{"start":{"line":48,"column":17},"end":{"line":50,"column":7}},"line":48},"3":{"name":"(anonymous_3)","decl":{"start":{"line":51,"column":12},"end":{"line":51,"column":13}},"loc":{"start":{"line":51,"column":22},"end":{"line":53,"column":7}},"line":51},"4":{"name":"(anonymous_4)","decl":{"start":{"line":57,"column":17},"end":{"line":57,"column":18}},"loc":{"start":{"line":57,"column":22},"end":{"line":59,"column":5}},"line":57},"5":{"name":"(anonymous_5)","decl":{"start":{"line":69,"column":15},"end":{"line":69,"column":16}},"loc":{"start":{"line":69,"column":41},"end":{"line":140,"column":3}},"line":69},"6":{"name":"(anonymous_6)","decl":{"start":{"line":72,"column":11},"end":{"line":72,"column":12}},"loc":{"start":{"line":72,"column":17},"end":{"line":79,"column":7}},"line":72},"7":{"name":"(anonymous_7)","decl":{"start":{"line":80,"column":12},"end":{"line":80,"column":13}},"loc":{"start":{"line":80,"column":22},"end":{"line":82,"column":7}},"line":80},"8":{"name":"(anonymous_8)","decl":{"start":{"line":86,"column":17},"end":{"line":86,"column":18}},"loc":{"start":{"line":86,"column":22},"end":{"line":132,"column":5}},"line":86},"9":{"name":"(anonymous_9)","decl":{"start":{"line":104,"column":29},"end":{"line":104,"column":30}},"loc":{"start":{"line":104,"column":40},"end":{"line":113,"column":9}},"line":104},"10":{"name":"(anonymous_10)","decl":{"start":{"line":142,"column":12},"end":{"line":142,"column":13}},"loc":{"start":{"line":142,"column":29},"end":{"line":159,"column":3}},"line":142},"11":{"name":"(anonymous_11)","decl":{"start":{"line":151,"column":44},"end":{"line":151,"column":45}},"loc":{"start":{"line":151,"column":52},"end":{"line":156,"column":5}},"line":151},"12":{"name":"(anonymous_12)","decl":{"start":{"line":163,"column":16},"end":{"line":163,"column":17}},"loc":{"start":{"line":163,"column":45},"end":{"line":176,"column":3}},"line":163},"13":{"name":"(anonymous_13)","decl":{"start":{"line":165,"column":40},"end":{"line":165,"column":41}},"loc":{"start":{"line":165,"column":51},"end":{"line":168,"column":7}},"line":165},"14":{"name":"(anonymous_14)","decl":{"start":{"line":178,"column":17},"end":{"line":178,"column":18}},"loc":{"start":{"line":178,"column":33},"end":{"line":202,"column":3}},"line":178},"15":{"name":"(anonymous_15)","decl":{"start":{"line":184,"column":21},"end":{"line":184,"column":22}},"loc":{"start":{"line":184,"column":37},"end":{"line":197,"column":7}},"line":184},"16":{"name":"(anonymous_16)","decl":{"start":{"line":204,"column":11},"end":{"line":204,"column":12}},"loc":{"start":{"line":204,"column":25},"end":{"line":206,"column":3}},"line":204},"17":{"name":"(anonymous_17)","decl":{"start":{"line":208,"column":12},"end":{"line":208,"column":13}},"loc":{"start":{"line":208,"column":32},"end":{"line":231,"column":3}},"line":208},"18":{"name":"(anonymous_18)","decl":{"start":{"line":234,"column":11},"end":{"line":234,"column":12}},"loc":{"start":{"line":234,"column":31},"end":{"line":260,"column":3}},"line":234},"19":{"name":"(anonymous_19)","decl":{"start":{"line":237,"column":40},"end":{"line":237,"column":41}},"loc":{"start":{"line":237,"column":50},"end":{"line":253,"column":5}},"line":237},"20":{"name":"(anonymous_20)","decl":{"start":{"line":256,"column":18},"end":{"line":256,"column":19}},"loc":{"start":{"line":256,"column":23},"end":{"line":258,"column":5}},"line":256}},"branchMap":{"0":{"loc":{"start":{"line":15,"column":4},"end":{"line":35,"column":5}},"type":"if","locations":[{"start":{"line":15,"column":4},"end":{"line":35,"column":5}},{"start":{"line":33,"column":11},"end":{"line":35,"column":5}}],"line":15},"1":{"loc":{"start":{"line":16,"column":6},"end":{"line":18,"column":32}},"type":"binary-expr","locations":[{"start":{"line":16,"column":6},"end":{"line":16,"column":48}},{"start":{"line":17,"column":6},"end":{"line":17,"column":21}},{"start":{"line":18,"column":6},"end":{"line":18,"column":32}}],"line":16},"2":{"loc":{"start":{"line":46,"column":14},"end":{"line":46,"column":27}},"type":"binary-expr","locations":[{"start":{"line":46,"column":14},"end":{"line":46,"column":21}},{"start":{"line":46,"column":25},"end":{"line":46,"column":27}}],"line":46},"3":{"loc":{"start":{"line":47,"column":18},"end":{"line":47,"column":38}},"type":"binary-expr","locations":[{"start":{"line":47,"column":18},"end":{"line":47,"column":32}},{"start":{"line":47,"column":36},"end":{"line":47,"column":38}}],"line":47},"4":{"loc":{"start":{"line":52,"column":15},"end":{"line":52,"column":73}},"type":"cond-expr","locations":[{"start":{"line":52,"column":39},"end":{"line":52,"column":41}},{"start":{"line":52,"column":44},"end":{"line":52,"column":73}}],"line":52},"5":{"loc":{"start":{"line":52,"column":44},"end":{"line":52,"column":73}},"type":"cond-expr","locations":[{"start":{"line":52,"column":68},"end":{"line":52,"column":69}},{"start":{"line":52,"column":72},"end":{"line":52,"column":73}}],"line":52},"6":{"loc":{"start":{"line":70,"column":14},"end":{"line":70,"column":27}},"type":"binary-expr","locations":[{"start":{"line":70,"column":14},"end":{"line":70,"column":21}},{"start":{"line":70,"column":25},"end":{"line":70,"column":27}}],"line":70},"7":{"loc":{"start":{"line":71,"column":18},"end":{"line":71,"column":38}},"type":"binary-expr","locations":[{"start":{"line":71,"column":18},"end":{"line":71,"column":32}},{"start":{"line":71,"column":36},"end":{"line":71,"column":38}}],"line":71},"8":{"loc":{"start":{"line":81,"column":15},"end":{"line":81,"column":73}},"type":"cond-expr","locations":[{"start":{"line":81,"column":39},"end":{"line":81,"column":41}},{"start":{"line":81,"column":44},"end":{"line":81,"column":73}}],"line":81},"9":{"loc":{"start":{"line":81,"column":44},"end":{"line":81,"column":73}},"type":"cond-expr","locations":[{"start":{"line":81,"column":68},"end":{"line":81,"column":69}},{"start":{"line":81,"column":72},"end":{"line":81,"column":73}}],"line":81},"10":{"loc":{"start":{"line":88,"column":6},"end":{"line":97,"column":7}},"type":"if","locations":[{"start":{"line":88,"column":6},"end":{"line":97,"column":7}},{"start":{},"end":{}}],"line":88},"11":{"loc":{"start":{"line":99,"column":14},"end":{"line":99,"column":33}},"type":"binary-expr","locations":[{"start":{"line":99,"column":14},"end":{"line":99,"column":20}},{"start":{"line":99,"column":24},"end":{"line":99,"column":33}}],"line":99},"12":{"loc":{"start":{"line":101,"column":39},"end":{"line":101,"column":55}},"type":"binary-expr","locations":[{"start":{"line":101,"column":39},"end":{"line":101,"column":49}},{"start":{"line":101,"column":53},"end":{"line":101,"column":55}}],"line":101},"13":{"loc":{"start":{"line":102,"column":6},"end":{"line":114,"column":7}},"type":"if","locations":[{"start":{"line":102,"column":6},"end":{"line":114,"column":7}},{"start":{},"end":{}}],"line":102},"14":{"loc":{"start":{"line":118,"column":6},"end":{"line":129,"column":7}},"type":"if","locations":[{"start":{"line":118,"column":6},"end":{"line":129,"column":7}},{"start":{},"end":{}}],"line":118},"15":{"loc":{"start":{"line":143,"column":16},"end":{"line":143,"column":32}},"type":"binary-expr","locations":[{"start":{"line":143,"column":16},"end":{"line":143,"column":26}},{"start":{"line":143,"column":30},"end":{"line":143,"column":32}}],"line":143},"16":{"loc":{"start":{"line":144,"column":19},"end":{"line":144,"column":35}},"type":"binary-expr","locations":[{"start":{"line":144,"column":19},"end":{"line":144,"column":29}},{"start":{"line":144,"column":33},"end":{"line":144,"column":35}}],"line":144},"17":{"loc":{"start":{"line":145,"column":21},"end":{"line":145,"column":42}},"type":"binary-expr","locations":[{"start":{"line":145,"column":21},"end":{"line":145,"column":36}},{"start":{"line":145,"column":40},"end":{"line":145,"column":42}}],"line":145},"18":{"loc":{"start":{"line":164,"column":4},"end":{"line":175,"column":5}},"type":"if","locations":[{"start":{"line":164,"column":4},"end":{"line":175,"column":5}},{"start":{"line":169,"column":11},"end":{"line":175,"column":5}}],"line":164},"19":{"loc":{"start":{"line":167,"column":29},"end":{"line":167,"column":55}},"type":"cond-expr","locations":[{"start":{"line":167,"column":38},"end":{"line":167,"column":50}},{"start":{"line":167,"column":53},"end":{"line":167,"column":55}}],"line":167},"20":{"loc":{"start":{"line":172,"column":6},"end":{"line":174,"column":7}},"type":"if","locations":[{"start":{"line":172,"column":6},"end":{"line":174,"column":7}},{"start":{},"end":{}}],"line":172},"21":{"loc":{"start":{"line":172,"column":10},"end":{"line":172,"column":60}},"type":"binary-expr","locations":[{"start":{"line":172,"column":10},"end":{"line":172,"column":23}},{"start":{"line":172,"column":27},"end":{"line":172,"column":60}}],"line":172},"22":{"loc":{"start":{"line":182,"column":4},"end":{"line":199,"column":5}},"type":"if","locations":[{"start":{"line":182,"column":4},"end":{"line":199,"column":5}},{"start":{},"end":{}}],"line":182},"23":{"loc":{"start":{"line":188,"column":8},"end":{"line":196,"column":9}},"type":"if","locations":[{"start":{"line":188,"column":8},"end":{"line":196,"column":9}},{"start":{"line":194,"column":15},"end":{"line":196,"column":9}}],"line":188},"24":{"loc":{"start":{"line":188,"column":12},"end":{"line":188,"column":44}},"type":"binary-expr","locations":[{"start":{"line":188,"column":12},"end":{"line":188,"column":22}},{"start":{"line":188,"column":26},"end":{"line":188,"column":44}}],"line":188},"25":{"loc":{"start":{"line":191,"column":10},"end":{"line":193,"column":11}},"type":"if","locations":[{"start":{"line":191,"column":10},"end":{"line":193,"column":11}},{"start":{},"end":{}}],"line":191},"26":{"loc":{"start":{"line":191,"column":14},"end":{"line":191,"column":64}},"type":"binary-expr","locations":[{"start":{"line":191,"column":14},"end":{"line":191,"column":27}},{"start":{"line":191,"column":31},"end":{"line":191,"column":64}}],"line":191},"27":{"loc":{"start":{"line":212,"column":4},"end":{"line":228,"column":5}},"type":"if","locations":[{"start":{"line":212,"column":4},"end":{"line":228,"column":5}},{"start":{},"end":{}}],"line":212},"28":{"loc":{"start":{"line":214,"column":8},"end":{"line":218,"column":25}},"type":"cond-expr","locations":[{"start":{"line":215,"column":12},"end":{"line":215,"column":20}},{"start":{"line":216,"column":12},"end":{"line":218,"column":25}}],"line":214},"29":{"loc":{"start":{"line":216,"column":12},"end":{"line":218,"column":25}},"type":"cond-expr","locations":[{"start":{"line":217,"column":12},"end":{"line":217,"column":27}},{"start":{"line":218,"column":12},"end":{"line":218,"column":25}}],"line":216},"30":{"loc":{"start":{"line":221,"column":8},"end":{"line":225,"column":21}},"type":"cond-expr","locations":[{"start":{"line":222,"column":12},"end":{"line":222,"column":21}},{"start":{"line":223,"column":12},"end":{"line":225,"column":21}}],"line":221},"31":{"loc":{"start":{"line":223,"column":12},"end":{"line":225,"column":21}},"type":"cond-expr","locations":[{"start":{"line":224,"column":12},"end":{"line":224,"column":28}},{"start":{"line":225,"column":12},"end":{"line":225,"column":21}}],"line":223},"32":{"loc":{"start":{"line":235,"column":10},"end":{"line":235,"column":19}},"type":"binary-expr","locations":[{"start":{"line":235,"column":10},"end":{"line":235,"column":13}},{"start":{"line":235,"column":17},"end":{"line":235,"column":19}}],"line":235},"33":{"loc":{"start":{"line":238,"column":13},"end":{"line":252,"column":11}},"type":"cond-expr","locations":[{"start":{"line":239,"column":10},"end":{"line":243,"column":13}},{"start":{"line":244,"column":10},"end":{"line":252,"column":11}}],"line":238},"34":{"loc":{"start":{"line":238,"column":13},"end":{"line":238,"column":47}},"type":"binary-expr","locations":[{"start":{"line":238,"column":13},"end":{"line":238,"column":28}},{"start":{"line":238,"column":32},"end":{"line":238,"column":47}}],"line":238},"35":{"loc":{"start":{"line":239,"column":10},"end":{"line":243,"column":13}},"type":"cond-expr","locations":[{"start":{"line":240,"column":12},"end":{"line":240,"column":14}},{"start":{"line":241,"column":12},"end":{"line":243,"column":13}}],"line":239},"36":{"loc":{"start":{"line":241,"column":12},"end":{"line":243,"column":13}},"type":"cond-expr","locations":[{"start":{"line":242,"column":12},"end":{"line":242,"column":13}},{"start":{"line":243,"column":12},"end":{"line":243,"column":13}}],"line":241},"37":{"loc":{"start":{"line":244,"column":10},"end":{"line":252,"column":11}},"type":"cond-expr","locations":[{"start":{"line":245,"column":10},"end":{"line":245,"column":12}},{"start":{"line":246,"column":10},"end":{"line":252,"column":11}}],"line":244},"38":{"loc":{"start":{"line":244,"column":10},"end":{"line":244,"column":45}},"type":"binary-expr","locations":[{"start":{"line":244,"column":10},"end":{"line":244,"column":25}},{"start":{"line":244,"column":29},"end":{"line":244,"column":45}}],"line":244},"39":{"loc":{"start":{"line":246,"column":10},"end":{"line":252,"column":11}},"type":"cond-expr","locations":[{"start":{"line":247,"column":10},"end":{"line":247,"column":11}},{"start":{"line":248,"column":10},"end":{"line":252,"column":11}}],"line":246},"40":{"loc":{"start":{"line":246,"column":10},"end":{"line":246,"column":45}},"type":"binary-expr","locations":[{"start":{"line":246,"column":10},"end":{"line":246,"column":26}},{"start":{"line":246,"column":30},"end":{"line":246,"column":45}}],"line":246},"41":{"loc":{"start":{"line":248,"column":10},"end":{"line":252,"column":11}},"type":"cond-expr","locations":[{"start":{"line":249,"column":10},"end":{"line":249,"column":12}},{"start":{"line":250,"column":10},"end":{"line":252,"column":11}}],"line":248},"42":{"loc":{"start":{"line":250,"column":10},"end":{"line":252,"column":11}},"type":"cond-expr","locations":[{"start":{"line":251,"column":10},"end":{"line":251,"column":11}},{"start":{"line":252,"column":10},"end":{"line":252,"column":11}}],"line":250}},"s":{"0":1,"1":1,"2":1,"3":1,"4":1,"5":1,"6":1,"7":1,"8":0,"9":0,"10":0,"11":0,"12":0,"13":0,"14":1,"15":1,"16":1,"17":1,"18":2,"19":1,"20":1,"21":1,"22":2,"23":1,"24":1,"25":1,"26":2,"27":1,"28":1,"29":1,"30":2,"31":2,"32":0,"33":0,"34":0,"35":2,"36":2,"37":2,"38":1,"39":1,"40":2,"41":2,"42":2,"43":1,"44":1,"45":2,"46":1,"47":0,"48":0,"49":0,"50":0,"51":0,"52":0,"53":0,"54":0,"55":0,"56":0,"57":1,"58":0,"59":0,"60":0,"61":0,"62":0,"63":0,"64":0,"65":0,"66":2,"67":2,"68":2,"69":2,"70":2,"71":2,"72":2,"73":2,"74":2,"75":2,"76":2,"77":2,"78":0,"79":2,"80":0,"81":2,"82":2,"83":2,"84":2,"85":2,"86":2,"87":2,"88":2,"89":0,"90":10,"91":10,"92":10,"93":24,"94":10,"95":10,"96":25,"97":10},"f":{"0":1,"1":1,"2":2,"3":1,"4":2,"5":1,"6":2,"7":1,"8":2,"9":2,"10":0,"11":0,"12":0,"13":0,"14":2,"15":2,"16":2,"17":2,"18":10,"19":24,"20":25},"b":{"0":[0,1],"1":[1,0,0],"2":[1,1],"3":[1,0],"4":[1,0],"5":[0,0],"6":[1,1],"7":[1,0],"8":[1,0],"9":[0,0],"10":[0,2],"11":[2,0],"12":[2,0],"13":[1,1],"14":[1,1],"15":[0,0],"16":[0,0],"17":[0,0],"18":[0,0],"19":[0,0],"20":[0,0],"21":[0,0],"22":[2,0],"23":[2,0],"24":[2,2],"25":[2,0],"26":[2,2],"27":[2,0],"28":[2,0],"29":[0,0],"30":[0,2],"31":[2,0],"32":[10,4],"33":[2,22],"34":[24,10],"35":[1,1],"36":[1,0],"37":[8,14],"38":[22,8],"39":[7,7],"40":[14,14],"41":[3,4],"42":[4,0]},"_coverageSchema":"1a1c01bbd47fc00a2c39e90264f33305004495a9","hash":"e811972b32fc715aa3861ac73c052b135f059d91"}
,"/Users/richard/Projects/seneca/doc/test/p0-doc.js": {"path":"/Users/richard/Projects/seneca/doc/test/p0-doc.js","statementMap":{"0":{"start":{"line":1,"column":12},"end":{"line":1,"column":32}},"1":{"start":{"line":3,"column":0},"end":{"line":12,"column":1}}},"fnMap":{},"branchMap":{},"s":{"0":1,"1":1},"f":{},"b":{},"_coverageSchema":"1a1c01bbd47fc00a2c39e90264f33305004495a9","hash":"131ebf6ac10079b3077ea8e2daf643f0618fad28"}
,"/Users/richard/Projects/seneca/doc/test/p0.js": {"path":"/Users/richard/Projects/seneca/doc/test/p0.js","statementMap":{"0":{"start":{"line":1,"column":0},"end":{"line":8,"column":1}},"1":{"start":{"line":2,"column":2},"end":{"line":4,"column":4}},"2":{"start":{"line":3,"column":4},"end":{"line":3,"column":17}},"3":{"start":{"line":5,"column":2},"end":{"line":7,"column":4}},"4":{"start":{"line":6,"column":4},"end":{"line":6,"column":17}}},"fnMap":{"0":{"name":"p0","decl":{"start":{"line":1,"column":26},"end":{"line":1,"column":28}},"loc":{"start":{"line":1,"column":31},"end":{"line":8,"column":1}},"line":1},"1":{"name":"a1","decl":{"start":{"line":2,"column":32},"end":{"line":2,"column":34}},"loc":{"start":{"line":2,"column":41},"end":{"line":4,"column":3}},"line":2},"2":{"name":"a2","decl":{"start":{"line":5,"column":32},"end":{"line":5,"column":34}},"loc":{"start":{"line":5,"column":41},"end":{"line":7,"column":3}},"line":5}},"branchMap":{},"s":{"0":1,"1":1,"2":1,"3":1,"4":2},"f":{"0":1,"1":1,"2":2},"b":{},"_coverageSchema":"1a1c01bbd47fc00a2c39e90264f33305004495a9","hash":"a6ef85026bdcb50ee561dcd56858cff463946a70"}
,"/Users/richard/Projects/seneca/doc/test/p1-doc-by-meta.js": {"path":"/Users/richard/Projects/seneca/doc/test/p1-doc-by-meta.js","statementMap":{"0":{"start":{"line":1,"column":12},"end":{"line":1,"column":32}},"1":{"start":{"line":3,"column":0},"end":{"line":12,"column":1}}},"fnMap":{},"branchMap":{},"s":{"0":1,"1":1},"f":{},"b":{},"_coverageSchema":"1a1c01bbd47fc00a2c39e90264f33305004495a9","hash":"bb0a10192c806dc319c1331ae7a4797fe1ddea8f"}
,"/Users/richard/Projects/seneca/doc/test/p1.js": {"path":"/Users/richard/Projects/seneca/doc/test/p1.js","statementMap":{"0":{"start":{"line":1,"column":12},"end":{"line":1,"column":39}},"1":{"start":{"line":3,"column":0},"end":{"line":14,"column":1}},"2":{"start":{"line":4,"column":2},"end":{"line":6,"column":4}},"3":{"start":{"line":5,"column":4},"end":{"line":5,"column":17}},"4":{"start":{"line":7,"column":2},"end":{"line":9,"column":4}},"5":{"start":{"line":8,"column":4},"end":{"line":8,"column":17}},"6":{"start":{"line":11,"column":2},"end":{"line":13,"column":3}}},"fnMap":{"0":{"name":"p1","decl":{"start":{"line":3,"column":26},"end":{"line":3,"column":28}},"loc":{"start":{"line":3,"column":31},"end":{"line":14,"column":1}},"line":3},"1":{"name":"a1","decl":{"start":{"line":4,"column":32},"end":{"line":4,"column":34}},"loc":{"start":{"line":4,"column":41},"end":{"line":6,"column":3}},"line":4},"2":{"name":"a2","decl":{"start":{"line":7,"column":32},"end":{"line":7,"column":34}},"loc":{"start":{"line":7,"column":41},"end":{"line":9,"column":3}},"line":7}},"branchMap":{},"s":{"0":1,"1":1,"2":1,"3":1,"4":1,"5":2,"6":1},"f":{"0":1,"1":1,"2":2},"b":{},"_coverageSchema":"1a1c01bbd47fc00a2c39e90264f33305004495a9","hash":"4f450d63c0cd1f5afef325f37baab3e2f37405b7"}
,"/Users/richard/Projects/seneca/doc/test/p2-doc-by-plugin.js": {"path":"/Users/richard/Projects/seneca/doc/test/p2-doc-by-plugin.js","statementMap":{"0":{"start":{"line":1,"column":0},"end":{"line":14,"column":1}},"1":{"start":{"line":2,"column":12},"end":{"line":2,"column":23}},"2":{"start":{"line":4,"column":2},"end":{"line":13,"column":3}}},"fnMap":{"0":{"name":"(anonymous_0)","decl":{"start":{"line":1,"column":17},"end":{"line":1,"column":18}},"loc":{"start":{"line":1,"column":43},"end":{"line":14,"column":1}},"line":1}},"branchMap":{},"s":{"0":1,"1":3,"2":3},"f":{"0":3},"b":{},"_coverageSchema":"1a1c01bbd47fc00a2c39e90264f33305004495a9","hash":"69ec9467f4ea6838663e96eabef808d00eb2c970"}
,"/Users/richard/Projects/seneca/doc/test/p2.js": {"path":"/Users/richard/Projects/seneca/doc/test/p2.js","statementMap":{"0":{"start":{"line":1,"column":0},"end":{"line":1,"column":19}},"1":{"start":{"line":3,"column":0},"end":{"line":3,"column":50}},"2":{"start":{"line":6,"column":2},"end":{"line":8,"column":4}},"3":{"start":{"line":7,"column":4},"end":{"line":7,"column":17}},"4":{"start":{"line":9,"column":2},"end":{"line":11,"column":4}},"5":{"start":{"line":10,"column":4},"end":{"line":10,"column":17}}},"fnMap":{"0":{"name":"p2","decl":{"start":{"line":5,"column":9},"end":{"line":5,"column":11}},"loc":{"start":{"line":5,"column":14},"end":{"line":12,"column":1}},"line":5},"1":{"name":"a1","decl":{"start":{"line":6,"column":32},"end":{"line":6,"column":34}},"loc":{"start":{"line":6,"column":41},"end":{"line":8,"column":3}},"line":6},"2":{"name":"a2","decl":{"start":{"line":9,"column":32},"end":{"line":9,"column":34}},"loc":{"start":{"line":9,"column":41},"end":{"line":11,"column":3}},"line":9}},"branchMap":{},"s":{"0":1,"1":1,"2":1,"3":1,"4":1,"5":2},"f":{"0":1,"1":1,"2":2},"b":{},"_coverageSchema":"1a1c01bbd47fc00a2c39e90264f33305004495a9","hash":"2bf06a33f766b593c8bd7137e83686bd777aa787"}
}
