TN:
SF:doc.js
FN:34,(anonymous_0)
FN:38,(anonymous_1)
FN:144,doc
FN:173,describe_plugin_msg
FN:178,describe_plugin
FN:191,(anonymous_5)
FN:209,describe_pin
FN:216,(anonymous_7)
FNF:8
FNH:8
FNDA:7,(anonymous_0)
FNDA:115,(anonymous_1)
FNDA:7,doc
FNDA:4,describe_plugin_msg
FNDA:4,describe_plugin
FNDA:60,(anonymous_5)
FNDA:1,describe_pin
FNDA:8,(anonymous_7)
DA:4,1
DA:7,1
DA:9,1
DA:11,1
DA:15,1
DA:20,1
DA:29,1
DA:34,1
DA:35,7
DA:38,7
DA:39,115
DA:41,115
DA:47,38
DA:49,38
DA:52,38
DA:53,2
DA:57,36
DA:58,3
DA:63,38
DA:64,12
DA:68,12
DA:69,12
DA:74,12
DA:76,12
DA:77,12
DA:78,12
DA:80,9
DA:81,9
DA:82,9
DA:83,9
DA:85,9
DA:86,0
DA:92,38
DA:95,8
DA:96,3
DA:99,8
DA:101,8
DA:102,8
DA:103,3
DA:105,8
DA:106,8
DA:108,8
DA:109,3
DA:119,5
DA:125,115
DA:130,115
DA:132,115
DA:135,115
DA:137,115
DA:138,3
DA:139,3
DA:145,7
DA:146,7
DA:148,7
DA:153,7
DA:174,4
DA:175,4
DA:179,4
DA:181,4
DA:182,0
DA:185,4
DA:187,4
DA:189,4
DA:190,4
DA:191,4
DA:192,60
DA:194,28
DA:196,28
DA:197,8
DA:201,4
DA:210,1
DA:211,0
DA:214,1
DA:215,1
DA:216,1
DA:217,8
DA:218,8
DA:221,1
DA:227,7
DA:234,7
LF:80
LH:77
BRDA:41,0,0,38
BRDA:41,0,1,77
BRDA:42,1,0,115
BRDA:42,1,1,115
BRDA:42,1,2,38
BRDA:42,1,3,38
BRDA:49,2,0,38
BRDA:49,2,1,0
BRDA:52,3,0,2
BRDA:52,3,1,36
BRDA:52,4,0,38
BRDA:52,4,1,20
BRDA:57,5,0,3
BRDA:57,5,1,33
BRDA:57,6,0,36
BRDA:57,6,1,33
BRDA:58,7,0,3
BRDA:58,7,1,0
BRDA:63,8,0,12
BRDA:63,8,1,26
BRDA:63,9,0,38
BRDA:63,9,1,33
BRDA:64,10,0,0
BRDA:64,10,1,12
BRDA:68,11,0,12
BRDA:68,11,1,0
BRDA:69,12,0,0
BRDA:69,12,1,12
BRDA:85,13,0,0
BRDA:85,13,1,9
BRDA:92,14,0,8
BRDA:92,14,1,30
BRDA:95,15,0,3
BRDA:95,15,1,5
BRDA:102,16,0,3
BRDA:102,16,1,5
BRDA:105,17,0,8
BRDA:105,17,1,8
BRDA:108,18,0,3
BRDA:108,18,1,5
BRDA:126,19,0,115
BRDA:126,19,1,115
BRDA:126,19,2,108
BRDA:126,19,3,105
BRDA:131,20,0,115
BRDA:131,20,1,115
BRDA:131,20,2,108
BRDA:131,20,3,108
BRDA:133,21,0,115
BRDA:133,21,1,115
BRDA:133,21,2,108
BRDA:133,21,3,108
BRDA:135,22,0,115
BRDA:135,22,1,115
BRDA:137,23,0,3
BRDA:137,23,1,112
BRDA:138,24,0,3
BRDA:138,24,1,0
BRDA:179,25,0,4
BRDA:179,25,1,0
BRDA:181,26,0,0
BRDA:181,26,1,4
BRDA:192,27,0,32
BRDA:192,27,1,28
BRDA:196,28,0,8
BRDA:196,28,1,20
BRDA:196,29,0,28
BRDA:196,29,1,20
BRDA:210,30,0,0
BRDA:210,30,1,1
BRF:70
BRH:60
end_of_record
TN:
SF:lib/inject.js
FN:7,(anonymous_0)
FN:12,(anonymous_1)
FN:14,(anonymous_2)
FN:15,(anonymous_3)
FNF:4
FNH:4
FNDA:1,(anonymous_0)
FNDA:2,(anonymous_1)
FNDA:4,(anonymous_2)
FNDA:4,(anonymous_3)
DA:4,1
DA:6,1
DA:8,1
DA:9,1
DA:10,1
DA:14,2
DA:15,4
DA:16,4
DA:20,4
DA:26,2
LF:10
LH:10
BRF:0
BRH:0
end_of_record
TN:
SF:lib/render.js
FN:12,(anonymous_0)
FN:47,(anonymous_1)
FN:50,(anonymous_2)
FN:53,(anonymous_3)
FN:59,(anonymous_4)
FN:71,(anonymous_5)
FN:74,(anonymous_6)
FN:82,(anonymous_7)
FN:88,(anonymous_8)
FN:106,(anonymous_9)
FN:144,(anonymous_10)
FN:153,(anonymous_11)
FN:165,(anonymous_12)
FN:167,(anonymous_13)
FN:180,(anonymous_14)
FN:186,(anonymous_15)
FN:206,(anonymous_16)
FN:210,(anonymous_17)
FN:236,(anonymous_18)
FN:239,(anonymous_19)
FN:258,(anonymous_20)
FNF:21
FNH:17
FNDA:1,(anonymous_0)
FNDA:1,(anonymous_1)
FNDA:2,(anonymous_2)
FNDA:1,(anonymous_3)
FNDA:2,(anonymous_4)
FNDA:1,(anonymous_5)
FNDA:2,(anonymous_6)
FNDA:1,(anonymous_7)
FNDA:2,(anonymous_8)
FNDA:2,(anonymous_9)
FNDA:0,(anonymous_10)
FNDA:0,(anonymous_11)
FNDA:0,(anonymous_12)
FNDA:0,(anonymous_13)
FNDA:2,(anonymous_14)
FNDA:2,(anonymous_15)
FNDA:2,(anonymous_16)
FNDA:2,(anonymous_17)
FNDA:10,(anonymous_18)
FNDA:24,(anonymous_19)
FNDA:25,(anonymous_20)
DA:5,1
DA:6,1
DA:7,1
DA:8,1
DA:11,1
DA:13,1
DA:15,1
DA:17,1
DA:22,0
DA:24,0
DA:26,0
DA:27,0
DA:30,0
DA:31,0
DA:36,1
DA:39,1
DA:48,1
DA:49,1
DA:50,2
DA:54,1
DA:57,1
DA:59,1
DA:60,2
DA:63,1
DA:72,1
DA:73,1
DA:74,2
DA:83,1
DA:86,1
DA:88,1
DA:89,2
DA:90,2
DA:91,0
DA:92,0
DA:93,0
DA:101,2
DA:103,2
DA:104,2
DA:105,1
DA:106,1
DA:107,2
DA:118,2
DA:120,2
DA:121,1
DA:122,1
DA:133,2
DA:136,1
DA:145,0
DA:146,0
DA:147,0
DA:149,0
DA:153,0
DA:154,0
DA:155,0
DA:156,0
DA:157,0
DA:160,0
DA:164,1
DA:166,0
DA:167,0
DA:168,0
DA:169,0
DA:172,0
DA:173,0
DA:174,0
DA:175,0
DA:181,2
DA:182,2
DA:184,2
DA:185,2
DA:186,2
DA:187,2
DA:189,2
DA:190,2
DA:191,2
DA:192,2
DA:193,2
DA:194,2
DA:197,0
DA:200,2
DA:203,0
DA:207,2
DA:211,2
DA:212,2
DA:213,2
DA:214,2
DA:216,2
DA:222,2
DA:229,2
DA:232,0
DA:237,10
DA:238,10
DA:239,10
DA:240,24
DA:257,10
DA:258,10
DA:259,25
DA:261,10
LF:98
LH:68
BRDA:17,0,0,0
BRDA:17,0,1,1
BRDA:18,1,0,1
BRDA:18,1,1,0
BRDA:18,1,2,0
BRDA:48,2,0,1
BRDA:48,2,1,1
BRDA:49,3,0,1
BRDA:49,3,1,0
BRDA:54,4,0,1
BRDA:54,4,1,0
BRDA:54,5,0,0
BRDA:54,5,1,0
BRDA:72,6,0,1
BRDA:72,6,1,1
BRDA:73,7,0,1
BRDA:73,7,1,0
BRDA:83,8,0,1
BRDA:83,8,1,0
BRDA:83,9,0,0
BRDA:83,9,1,0
BRDA:90,10,0,0
BRDA:90,10,1,2
BRDA:101,11,0,2
BRDA:101,11,1,0
BRDA:103,12,0,2
BRDA:103,12,1,0
BRDA:104,13,0,1
BRDA:104,13,1,1
BRDA:120,14,0,1
BRDA:120,14,1,1
BRDA:145,15,0,0
BRDA:145,15,1,0
BRDA:146,16,0,0
BRDA:146,16,1,0
BRDA:147,17,0,0
BRDA:147,17,1,0
BRDA:166,18,0,0
BRDA:166,18,1,0
BRDA:169,19,0,0
BRDA:169,19,1,0
BRDA:174,20,0,0
BRDA:174,20,1,0
BRDA:174,21,0,0
BRDA:174,21,1,0
BRDA:184,22,0,2
BRDA:184,22,1,0
BRDA:190,23,0,2
BRDA:190,23,1,0
BRDA:190,24,0,2
BRDA:190,24,1,2
BRDA:193,25,0,2
BRDA:193,25,1,0
BRDA:193,26,0,2
BRDA:193,26,1,2
BRDA:214,27,0,2
BRDA:214,27,1,0
BRDA:216,28,0,2
BRDA:216,28,1,0
BRDA:218,29,0,0
BRDA:218,29,1,0
BRDA:223,30,0,0
BRDA:223,30,1,2
BRDA:225,31,0,2
BRDA:225,31,1,0
BRDA:237,32,0,10
BRDA:237,32,1,4
BRDA:240,33,0,2
BRDA:240,33,1,22
BRDA:240,34,0,24
BRDA:240,34,1,10
BRDA:241,35,0,1
BRDA:241,35,1,1
BRDA:243,36,0,1
BRDA:243,36,1,0
BRDA:246,37,0,8
BRDA:246,37,1,14
BRDA:246,38,0,22
BRDA:246,38,1,8
BRDA:248,39,0,7
BRDA:248,39,1,7
BRDA:248,40,0,14
BRDA:248,40,1,14
BRDA:250,41,0,3
BRDA:250,41,1,4
BRDA:252,42,0,4
BRDA:252,42,1,0
BRF:87
BRH:48
end_of_record
TN:
SF:test/p0-doc.js
FNF:0
FNH:0
DA:1,1
DA:3,1
LF:2
LH:2
BRF:0
BRH:0
end_of_record
TN:
SF:test/p0.js
FN:1,p0
FN:2,a1
FN:5,a2
FNF:3
FNH:3
FNDA:1,p0
FNDA:1,a1
FNDA:2,a2
DA:1,1
DA:2,1
DA:3,1
DA:5,1
DA:6,2
LF:5
LH:5
BRF:0
BRH:0
end_of_record
TN:
SF:test/p1-doc-by-meta.js
FNF:0
FNH:0
DA:1,1
DA:3,1
LF:2
LH:2
BRF:0
BRH:0
end_of_record
TN:
SF:test/p1.js
FN:3,p1
FN:4,a1
FN:7,a2
FNF:3
FNH:3
FNDA:1,p1
FNDA:1,a1
FNDA:2,a2
DA:1,1
DA:3,1
DA:4,1
DA:5,1
DA:7,1
DA:8,2
DA:11,1
LF:7
LH:7
BRF:0
BRH:0
end_of_record
TN:
SF:test/p2-doc-by-plugin.js
FN:1,(anonymous_0)
FNF:1
FNH:1
FNDA:3,(anonymous_0)
DA:1,1
DA:2,3
DA:4,3
LF:3
LH:3
BRF:0
BRH:0
end_of_record
TN:
SF:test/p2.js
FN:5,p2
FN:6,a1
FN:9,a2
FNF:3
FNH:3
FNDA:1,p2
FNDA:1,a1
FNDA:2,a2
DA:1,1
DA:3,1
DA:6,1
DA:7,1
DA:9,1
DA:10,2
LF:6
LH:6
BRF:0
BRH:0
end_of_record
